2026-03-13 23:22:18,069 [INFO] - ParserLoader - ✅ Successfully loaded parser for kireibd.com
2026-03-13 23:22:18,072 [INFO] - KireiBD - Starting scraper for KireiBD...
2026-03-13 23:22:50,308 [INFO] - KireiBD - 🌍 Visiting URL: https://kireibd.com/shop?category=j-beauty
2026-03-13 23:22:50,308 [INFO] - KireiBD - 🗂️ Listing/Nav page detected.
2026-03-13 23:22:50,309 [INFO] - KireiBD - 🔍 Found 24 product links with '/product/'.
2026-03-13 23:22:50,309 [INFO] - KireiBD - 🔍 Found 1 pagination links for category 'j-beauty'.
2026-03-13 23:22:50,309 [INFO] - KireiBD - 🔗 Total unique links to follow: 25
2026-03-13 23:23:21,728 [INFO] - KireiBD - 🌍 Visiting URL: https://kireibd.com/shop?category=k-beauty
2026-03-13 23:23:21,728 [INFO] - KireiBD - 🗂️ Listing/Nav page detected.
2026-03-13 23:23:21,729 [INFO] - KireiBD - 🔍 Found 24 product links with '/product/'.
2026-03-13 23:23:21,729 [INFO] - KireiBD - 🔍 Found 1 pagination links for category 'k-beauty'.
2026-03-13 23:23:21,729 [INFO] - KireiBD - 🔗 Total unique links to follow: 25
2026-03-13 23:23:53,169 [INFO] - KireiBD - 🌍 Visiting URL: https://kireibd.com/shop?category=international-brands
2026-03-13 23:23:53,169 [INFO] - KireiBD - 🗂️ Listing/Nav page detected.
2026-03-13 23:23:53,170 [INFO] - KireiBD - 🔍 Found 24 product links with '/product/'.
2026-03-13 23:23:53,170 [INFO] - KireiBD - 🔍 Found 1 pagination links for category 'international-brands'.
2026-03-13 23:23:53,170 [INFO] - KireiBD - 🔗 Total unique links to follow: 25
2026-03-13 23:24:24,758 [INFO] - KireiBD - 🌍 Visiting URL: https://kireibd.com/shop?category=doctor-cosmetics
2026-03-13 23:24:24,758 [INFO] - KireiBD - 🗂️ Listing/Nav page detected.
2026-03-13 23:24:24,759 [INFO] - KireiBD - 🔍 Found 24 product links with '/product/'.
2026-03-13 23:24:24,759 [INFO] - KireiBD - 🔍 Found 1 pagination links for category 'doctor-cosmetics'.
2026-03-13 23:24:24,759 [INFO] - KireiBD - 🔗 Total unique links to follow: 25
2026-03-13 23:24:56,975 [INFO] - KireiBD - 🌍 Visiting URL: https://kireibd.com/shop?category=omi-store
2026-03-13 23:24:56,976 [INFO] - KireiBD - 🗂️ Listing/Nav page detected.
2026-03-13 23:24:56,976 [INFO] - KireiBD - 🔍 Found 24 product links with '/product/'.
2026-03-13 23:24:56,977 [INFO] - KireiBD - 🔍 Found 1 pagination links for category 'omi-store'.
2026-03-13 23:24:56,977 [INFO] - KireiBD - 🔗 Total unique links to follow: 25
2026-03-13 23:25:28,469 [INFO] - KireiBD - 🌍 Visiting URL: https://kireibd.com/shop?category=omis-offer-noufy
2026-03-13 23:25:28,469 [INFO] - KireiBD - 🗂️ Listing/Nav page detected.
2026-03-13 23:25:28,470 [INFO] - KireiBD - 🔍 Found 2 product links with '/product/'.
2026-03-13 23:25:28,470 [INFO] - KireiBD - 🔍 Found 1 pagination links for category 'omis-offer-noufy'.
2026-03-13 23:25:28,470 [INFO] - KireiBD - 🔗 Total unique links to follow: 3
2026-03-13 23:25:59,915 [INFO] - KireiBD - 🌍 Visiting URL: https://kireibd.com/shop?category=aesthetic-treatment
2026-03-13 23:25:59,915 [INFO] - KireiBD - 🗂️ Listing/Nav page detected.
2026-03-13 23:25:59,916 [INFO] - KireiBD - 🔍 Found 7 product links with '/product/'.
2026-03-13 23:25:59,916 [INFO] - KireiBD - 🔍 Found 1 pagination links for category 'aesthetic-treatment'.
2026-03-13 23:25:59,916 [INFO] - KireiBD - 🔗 Total unique links to follow: 8
2026-03-13 23:26:31,326 [INFO] - KireiBD - 🌍 Visiting URL: https://kireibd.com/shop?type=budget-friendly
2026-03-13 23:26:31,326 [INFO] - KireiBD - 🗂️ Listing/Nav page detected.
2026-03-13 23:26:31,326 [INFO] - KireiBD - 🔍 Found 24 product links with '/product/'.
2026-03-13 23:26:31,326 [INFO] - KireiBD - 🔗 Total unique links to follow: 24
2026-03-13 23:27:02,825 [INFO] - KireiBD - 🌍 Visiting URL: https://kireibd.com/product/daiso-km-powder-cheek-04a
2026-03-13 23:27:02,825 [INFO] - KireiBD - 🛒 Product page detected! Extracting data...
2026-03-13 23:27:02,829 [INFO] - KireiBD - [1 New] Saved: Daiso KM Powder Cheek 04a
2026-03-13 23:27:34,274 [INFO] - KireiBD - 🌍 Visiting URL: https://kireibd.com/product/daiso-eyeliner-pencil-brown-shade
2026-03-13 23:27:34,275 [INFO] - KireiBD - 🛒 Product page detected! Extracting data...
2026-03-13 23:27:34,277 [INFO] - KireiBD - [2 New] Saved: Daiso Eyeliner Pencil – Brown Shade
2026-03-13 23:28:05,730 [INFO] - KireiBD - 🌍 Visiting URL: https://kireibd.com/product/tsubaki-premium-moist-repair-shampoo-600ml-refill
2026-03-13 23:28:05,731 [INFO] - KireiBD - 🛒 Product page detected! Extracting data...
2026-03-13 23:28:05,733 [INFO] - KireiBD - [3 New] Saved: TSUBAKI Premium Moist & Repair Shampoo 600ml Refill
2026-03-13 23:28:37,857 [INFO] - KireiBD - 🌍 Visiting URL: https://kireibd.com/product/daiso-km-melty-lip-balm-07a
2026-03-13 23:28:37,858 [INFO] - KireiBD - 🛒 Product page detected! Extracting data...
2026-03-13 23:28:37,861 [INFO] - KireiBD - [4 New] Saved: Daiso KM Melty Lip Balm 07a
2026-03-13 23:29:09,255 [INFO] - KireiBD - 🌍 Visiting URL: https://kireibd.com/product/kao-merit-shampoo-450ml
2026-03-13 23:29:09,256 [INFO] - KireiBD - 🛒 Product page detected! Extracting data...
2026-03-13 23:29:09,258 [INFO] - KireiBD - [5 New] Saved: Kao Merit Shampoo 450ml
2026-03-13 23:29:40,656 [INFO] - KireiBD - 🌍 Visiting URL: https://kireibd.com/product/daiso-km-eyebrow-powder-10a
2026-03-13 23:29:40,657 [INFO] - KireiBD - 🛒 Product page detected! Extracting data...
2026-03-13 23:29:40,661 [INFO] - KireiBD - [6 New] Saved: Daiso KM eyebrow powder 10a
2026-03-13 23:30:12,221 [INFO] - KireiBD - 🌍 Visiting URL: https://kireibd.com/product/eyeliner-pencil-black
2026-03-13 23:30:12,222 [INFO] - KireiBD - 🛒 Product page detected! Extracting data...
2026-03-13 23:30:12,224 [INFO] - KireiBD - [7 New] Saved: Eyeliner Pencil, Black
2026-03-13 23:30:43,672 [INFO] - KireiBD - 🌍 Visiting URL: https://kireibd.com/product/daiso-km-loose-powder-03a-clear-5g
2026-03-13 23:30:43,673 [INFO] - KireiBD - 🛒 Product page detected! Extracting data...
2026-03-13 23:30:43,675 [INFO] - KireiBD - [8 New] Saved: Daiso KM Loose Powder 03a Clear 5g
2026-03-13 23:31:15,096 [INFO] - KireiBD - 🌍 Visiting URL: https://kireibd.com/product/daiso-km-slim-face-powder-brush-06a
2026-03-13 23:31:15,096 [INFO] - KireiBD - 🛒 Product page detected! Extracting data...
2026-03-13 23:31:15,099 [INFO] - KireiBD - [9 New] Saved: Daiso Km Slim  face Powder Brush 06a
2026-03-13 23:31:46,481 [INFO] - KireiBD - 🌍 Visiting URL: https://kireibd.com/product/daiso-km-double-end-lip-liner-06a
2026-03-13 23:31:46,482 [INFO] - KireiBD - 🛒 Product page detected! Extracting data...
2026-03-13 23:31:46,485 [INFO] - KireiBD - [10 New] Saved: Daiso KM Double End Lip Liner 06a
2026-03-13 23:32:17,868 [INFO] - KireiBD - 🌍 Visiting URL: https://kireibd.com/product/daiso-km-silky-liquid-foundation-06a
2026-03-13 23:32:17,868 [INFO] - KireiBD - 🛒 Product page detected! Extracting data...
2026-03-13 23:32:17,871 [INFO] - KireiBD - [11 New] Saved: Daiso KM Silky Liquid Foundation 06a
2026-03-13 23:32:49,731 [INFO] - KireiBD - 🌍 Visiting URL: https://kireibd.com/product/idate-custom-multi-palette-07
2026-03-13 23:32:49,732 [INFO] - KireiBD - 🛒 Product page detected! Extracting data...
2026-03-13 23:32:49,738 [INFO] - KireiBD - [12 New] Saved: Idate Custom Multi-Palette 07
2026-03-13 23:33:21,151 [INFO] - KireiBD - 🌍 Visiting URL: https://kireibd.com/product/daiso-km-tone-up-color-base-05a
2026-03-13 23:33:21,151 [INFO] - KireiBD - 🛒 Product page detected! Extracting data...
2026-03-13 23:33:21,153 [INFO] - KireiBD - [13 New] Saved: Daiso KM Tone Up Color Base 05a
2026-03-13 23:33:53,092 [INFO] - KireiBD - 🌍 Visiting URL: https://kireibd.com/product/daiso-km-light-touch-concealer-06a
2026-03-13 23:33:53,092 [INFO] - KireiBD - 🛒 Product page detected! Extracting data...
2026-03-13 23:33:53,096 [INFO] - KireiBD - [14 New] Saved: Daiso KM Light Touch Concealer 06a
2026-03-13 23:34:24,556 [INFO] - KireiBD - 🌍 Visiting URL: https://kireibd.com/product/daiso-km-stick-cheek-03a
2026-03-13 23:34:24,557 [INFO] - KireiBD - 🛒 Product page detected! Extracting data...
2026-03-13 23:34:24,560 [INFO] - KireiBD - [15 New] Saved: Daiso KM Stick Cheek 03a
2026-03-13 23:34:55,953 [INFO] - KireiBD - 🌍 Visiting URL: https://kireibd.com/product/daiso-withcharm-24h-face-powder-natural
2026-03-13 23:34:55,954 [INFO] - KireiBD - 🛒 Product page detected! Extracting data...
2026-03-13 23:34:55,956 [INFO] - KireiBD - [16 New] Saved: Daiso WithCharm 24h Face Powder Natural
2026-03-13 23:35:27,396 [INFO] - KireiBD - 🌍 Visiting URL: https://kireibd.com/product/daiso-withcharm-24h-face-powder-clear
2026-03-13 23:35:27,397 [INFO] - KireiBD - 🛒 Product page detected! Extracting data...
2026-03-13 23:35:27,399 [INFO] - KireiBD - [17 New] Saved: Daiso WithCharm 24h Face Powder Clear
2026-03-13 23:35:58,806 [INFO] - KireiBD - 🌍 Visiting URL: https://kireibd.com/product/daiso-km-3way-eyebrow-pencil-06a
2026-03-13 23:35:58,807 [INFO] - KireiBD - 🛒 Product page detected! Extracting data...
2026-03-13 23:35:58,809 [INFO] - KireiBD - [18 New] Saved: Daiso KM 3WAY Eyebrow Pencil 06a
2026-03-13 23:36:30,231 [INFO] - KireiBD - 🌍 Visiting URL: https://kireibd.com/product/daiso-km-glitter-mini-mascara-04a
2026-03-13 23:36:30,232 [INFO] - KireiBD - 🛒 Product page detected! Extracting data...
2026-03-13 23:36:30,234 [INFO] - KireiBD - [19 New] Saved: Daiso KM Glitter Mini Mascara 04a
2026-03-13 23:37:01,658 [INFO] - KireiBD - 🌍 Visiting URL: https://kireibd.com/product/km-tone-up-color-base-03a
2026-03-13 23:37:01,659 [INFO] - KireiBD - 🛒 Product page detected! Extracting data...
2026-03-13 23:37:01,662 [INFO] - KireiBD - [20 New] Saved: KM Tone Up Color Base 03a
2026-03-13 23:37:33,082 [INFO] - KireiBD - 🌍 Visiting URL: https://kireibd.com/product/tsubaki-premium-moist-repair-hair-conditioner-600ml-refill
2026-03-13 23:37:33,083 [INFO] - KireiBD - 🛒 Product page detected! Extracting data...
2026-03-13 23:37:33,084 [INFO] - KireiBD - [21 New] Saved: TSUBAKI Premium Moist & Repair hair conditioner 600ml Refill
2026-03-13 23:38:04,531 [INFO] - KireiBD - 🌍 Visiting URL: https://kireibd.com/product/kao-merit-conditioner-450ml
2026-03-13 23:38:04,532 [INFO] - KireiBD - 🛒 Product page detected! Extracting data...
2026-03-13 23:38:04,534 [INFO] - KireiBD - [22 New] Saved: Kao Merit Conditioner 450ml
2026-03-13 23:38:35,952 [INFO] - KireiBD - 🌍 Visiting URL: https://kireibd.com/product/daiso-km-3way-eyebrow-pencil-04
2026-03-13 23:38:35,952 [INFO] - KireiBD - 🛒 Product page detected! Extracting data...
2026-03-13 23:38:35,955 [INFO] - KireiBD - [23 New] Saved: Daiso KM 3WAY Eyebrow Pencil 04
2026-03-13 23:39:07,335 [INFO] - KireiBD - 🌍 Visiting URL: https://kireibd.com/product/daiso-clear-makeup-base
2026-03-13 23:39:07,336 [INFO] - KireiBD - 🛒 Product page detected! Extracting data...
2026-03-13 23:39:07,342 [INFO] - KireiBD - [24 New] Saved: Daiso Clear makeup base
2026-03-13 23:39:38,906 [INFO] - KireiBD - 🌍 Visiting URL: https://kireibd.com/product/mixsoon-bean-essence-50ml
2026-03-13 23:39:38,907 [INFO] - KireiBD - 🛒 Product page detected! Extracting data...
2026-03-13 23:39:38,911 [INFO] - KireiBD - [25 New] Saved: MIXSOON Bean Essence 50ml
2026-03-13 23:40:10,299 [INFO] - KireiBD - 🌍 Visiting URL: https://kireibd.com/product/celimax-pore-dark-spot-brightening-care-sunscreen-50-spf-pa-50ml
2026-03-13 23:40:10,300 [INFO] - KireiBD - 🛒 Product page detected! Extracting data...
2026-03-13 23:40:10,304 [INFO] - KireiBD - [26 New] Saved: Celimax Pore + Dark Spot Brightening Care Sunscreen 50+ SPF PA++++ 50ml
2026-03-13 23:40:41,704 [INFO] - KireiBD - 🌍 Visiting URL: https://kireibd.com/product/celimax-pore-dark-spot-brightening-care-sunscreen-10ml
2026-03-13 23:40:41,705 [INFO] - KireiBD - 🛒 Product page detected! Extracting data...
2026-03-13 23:40:41,708 [INFO] - KireiBD - [27 New] Saved: Celimax Pore + Dark Spot Brightening Care Sunscreen 10ml
2026-03-13 23:41:13,087 [INFO] - KireiBD - 🌍 Visiting URL: https://kireibd.com/product/celimax-the-vita-a-retinal-shot-tightening-booster-sachet-1ml
2026-03-13 23:41:13,088 [INFO] - KireiBD - 🛒 Product page detected! Extracting data...
2026-03-13 23:41:13,090 [INFO] - KireiBD - [28 New] Saved: Celimax The Vita A Retinal Shot Tightening Booster Sachet 1ml
2026-03-13 23:41:44,517 [INFO] - KireiBD - 🌍 Visiting URL: https://kireibd.com/product/celimax-poredark-spot-brightening-serum-30ml
2026-03-13 23:41:44,518 [INFO] - KireiBD - 🛒 Product page detected! Extracting data...
2026-03-13 23:41:44,520 [INFO] - KireiBD - [29 New] Saved: Celimax Pore+Dark Spot Brightening Serum 30ml
2026-03-13 23:42:15,892 [INFO] - KireiBD - 🌍 Visiting URL: https://kireibd.com/product/skin1004-madagascar-hyalu-cica-water-fit-sun-serum-15ml
2026-03-13 23:42:15,893 [INFO] - KireiBD - 🛒 Product page detected! Extracting data...
2026-03-13 23:42:15,898 [INFO] - KireiBD - [30 New] Saved: Skin1004 Madagascar Hyalu Cica Water Fit Sun Serum 15ml
2026-03-13 23:42:47,342 [INFO] - KireiBD - 🌍 Visiting URL: https://kireibd.com/product/anua-zero-cast-moisturizing-finish-sunscreen-50ml
2026-03-13 23:42:47,342 [INFO] - KireiBD - 🛒 Product page detected! Extracting data...
2026-03-13 23:42:47,345 [INFO] - KireiBD - [31 New] Saved: Anua Zero-Cast Moisturizing Finish Sunscreen 50ml
2026-03-13 23:43:18,770 [INFO] - KireiBD - 🌍 Visiting URL: https://kireibd.com/product/anua-peach-niacin-spread-cleansing-foam-150ml
2026-03-13 23:43:18,771 [INFO] - KireiBD - 🛒 Product page detected! Extracting data...
2026-03-13 23:43:18,774 [INFO] - KireiBD - [32 New] Saved: Anua Peach Niacin Spread Cleansing Foam 150ml
2026-03-13 23:43:50,212 [INFO] - KireiBD - 🌍 Visiting URL: https://kireibd.com/product/celimax-derma-nature-fresh-blackhead-jojoba-cleansing-oil-20ml-2
2026-03-13 23:43:50,212 [INFO] - KireiBD - 🛒 Product page detected! Extracting data...
2026-03-13 23:43:50,215 [INFO] - KireiBD - [33 New] Saved: Celimax Derma Nature Fresh Blackhead Jojoba Cleansing Oil 20ml
2026-03-13 23:44:21,867 [INFO] - KireiBD - 🌍 Visiting URL: https://kireibd.com/product/celimax-poredark-spot-brightening-cream-35ml
2026-03-13 23:44:21,868 [INFO] - KireiBD - 🛒 Product page detected! Extracting data...
2026-03-13 23:44:21,875 [INFO] - KireiBD - [34 New] Saved: Celimax Pore+Dark Spot Brightening Cream 35ml
2026-03-13 23:44:53,305 [INFO] - KireiBD - 🌍 Visiting URL: https://kireibd.com/product/celimax-calming-radiance-noni-ampoule-10ml
2026-03-13 23:44:53,306 [INFO] - KireiBD - 🛒 Product page detected! Extracting data...
2026-03-13 23:44:53,308 [INFO] - KireiBD - [35 New] Saved: Celimax Calming + Radiance Noni Ampoule 10ml
2026-03-13 23:45:24,669 [INFO] - KireiBD - 🌍 Visiting URL: https://kireibd.com/product/celimax-derma-nature-glutathione-longlasting-tone-up-cream-35ml
2026-03-13 23:45:24,672 [INFO] - KireiBD - 🛒 Product page detected! Extracting data...
2026-03-13 23:45:24,679 [INFO] - KireiBD - [36 New] Saved: Celimax Derma Nature Glutathione Longlasting Tone-Up Cream 35ml
2026-03-13 23:45:56,104 [INFO] - KireiBD - 🌍 Visiting URL: https://kireibd.com/product/axis-y-spot-the-difference-blemish-treatment-15ml-2
2026-03-13 23:45:56,105 [INFO] - KireiBD - 🛒 Product page detected! Extracting data...
2026-03-13 23:45:56,109 [INFO] - KireiBD - [37 New] Saved: AXIS-Y Spot The Difference Blemish Treatment 15ml
2026-03-13 23:46:27,553 [INFO] - KireiBD - 🌍 Visiting URL: https://kireibd.com/product/celimax-the-vita-a-retinal-shot-tightening-booster-15ml
2026-03-13 23:46:27,553 [INFO] - KireiBD - 🛒 Product page detected! Extracting data...
2026-03-13 23:46:27,557 [INFO] - KireiBD - [38 New] Saved: Celimax The Vita A Retinal Shot Tightening Booster 15ml
2026-03-13 23:46:58,971 [INFO] - KireiBD - 🌍 Visiting URL: https://kireibd.com/product/medicube-txa-niacinamide-15-serum-30ml
2026-03-13 23:46:58,972 [INFO] - KireiBD - 🛒 Product page detected! Extracting data...
2026-03-13 23:46:58,974 [INFO] - KireiBD - [39 New] Saved: Medicube TXA Niacinamide 15% Serum 30ml
2026-03-13 23:47:31,061 [INFO] - KireiBD - 🌍 Visiting URL: https://kireibd.com/product/medicube-kojic-acid-turmeric-niacinamide-serum-30ml
2026-03-13 23:47:31,061 [INFO] - KireiBD - 🛒 Product page detected! Extracting data...
2026-03-13 23:47:31,064 [INFO] - KireiBD - [40 New] Saved: MEDICUBE Kojic Acid Turmeric Niacinamide Serum 30ml
2026-03-13 23:48:02,534 [INFO] - KireiBD - 🌍 Visiting URL: https://kireibd.com/product/celimax-derma-nature-fresh-blackhead-jojoba-cleansing-oil-150ml
2026-03-13 23:48:02,535 [INFO] - KireiBD - 🛒 Product page detected! Extracting data...
2026-03-13 23:48:02,538 [INFO] - KireiBD - [41 New] Saved: Celimax Derma Nature Fresh Blackhead Jojoba Cleansing Oil 150ml
2026-03-13 23:48:33,959 [INFO] - KireiBD - 🌍 Visiting URL: https://kireibd.com/product/celimax-poredark-spot-brightening-serum-10ml
2026-03-13 23:48:33,960 [INFO] - KireiBD - 🛒 Product page detected! Extracting data...
2026-03-13 23:48:33,963 [INFO] - KireiBD - [42 New] Saved: Celimax Pore+Dark Spot Brightening Serum 10ml
2026-03-13 23:49:05,375 [INFO] - KireiBD - 🌍 Visiting URL: https://kireibd.com/product/medicube-kojic-acid-turmeric-toning-cleanser-120g
2026-03-13 23:49:05,376 [INFO] - KireiBD - 🛒 Product page detected! Extracting data...
2026-03-13 23:49:05,378 [INFO] - KireiBD - [43 New] Saved: Medicube Kojic Acid Turmeric Toning Cleanser 120g
2026-03-13 23:49:36,815 [INFO] - KireiBD - 🌍 Visiting URL: https://kireibd.com/product/purito-wonder-releaf-centella-serum-unscented-60ml-2
2026-03-13 23:49:36,816 [INFO] - KireiBD - 🛒 Product page detected! Extracting data...
2026-03-13 23:49:36,820 [INFO] - KireiBD - [44 New] Saved: Purito Wonder Releaf Centella Serum Unscented 60ml
2026-03-13 23:50:08,236 [INFO] - KireiBD - 🌍 Visiting URL: https://kireibd.com/product/skin1004-madagascar-centella-tone-brightening-boosting-toner-210ml
2026-03-13 23:50:08,236 [INFO] - KireiBD - 🛒 Product page detected! Extracting data...
2026-03-13 23:50:08,239 [INFO] - KireiBD - [45 New] Saved: SKIN1004 Madagascar Centella Tone Brightening Boosting Toner 210ml
2026-03-13 23:50:39,681 [INFO] - KireiBD - 🌍 Visiting URL: https://kireibd.com/product/celimax-the-vita-a-retinol-shot-tightening-serum-30ml
2026-03-13 23:50:39,682 [INFO] - KireiBD - 🛒 Product page detected! Extracting data...
2026-03-13 23:50:39,687 [INFO] - KireiBD - [46 New] Saved: Celimax The Vita A Retinol Shot Tightening Serum 30ml
2026-03-13 23:51:11,070 [INFO] - KireiBD - 🌍 Visiting URL: https://kireibd.com/product/skin1004-madagascar-centella-hyalu-cica-silky-fit-sun-stick-20g
2026-03-13 23:51:11,071 [INFO] - KireiBD - 🛒 Product page detected! Extracting data...
2026-03-13 23:51:11,074 [INFO] - KireiBD - [47 New] Saved: SKIN1004 Madagascar Centella Hyalu-Cica Silky-fit Sun Stick 20g
2026-03-13 23:51:42,513 [INFO] - KireiBD - 🌍 Visiting URL: https://kireibd.com/product/celimax-the-vita-a-retinol-shot-tightening-serum-1ml
2026-03-13 23:51:42,514 [INFO] - KireiBD - 🛒 Product page detected! Extracting data...
2026-03-13 23:51:42,519 [INFO] - KireiBD - [48 New] Saved: Celimax The Vita A Retinol Shot Tightening Serum 1ml
2026-03-13 23:52:14,010 [INFO] - KireiBD - 🌍 Visiting URL: https://kireibd.com/product/cerave-acne-control-cleanser-473ml
2026-03-13 23:52:14,010 [INFO] - KireiBD - 🛒 Product page detected! Extracting data...
2026-03-13 23:52:14,014 [INFO] - KireiBD - [49 New] Saved: Cerave Acne Control Cleanser 473ml
2026-03-13 23:52:45,405 [INFO] - KireiBD - 🌍 Visiting URL: https://kireibd.com/product/loreal-casting-creame-gloss-contioning-hair-color-360-black-cherry
2026-03-13 23:52:45,406 [INFO] - KireiBD - 🛒 Product page detected! Extracting data...
2026-03-13 23:52:45,409 [INFO] - KireiBD - [50 New] Saved: L'Oreal Casting Creme Gloss No Amonia Conditioning Colour - 360 Black Cherry
2026-03-13 23:53:16,842 [INFO] - KireiBD - 🌍 Visiting URL: https://kireibd.com/product/cetaphil-gentle-skin-cleanser-125ml
2026-03-13 23:53:16,843 [INFO] - KireiBD - 🛒 Product page detected! Extracting data...
2026-03-13 23:53:16,847 [INFO] - KireiBD - [51 New] Saved: Cetaphil Gentle Skin Cleanser Dry to Normal, SensitiveSkin 125ml
2026-03-13 23:53:48,268 [INFO] - KireiBD - 🌍 Visiting URL: https://kireibd.com/product/esscnce-lash-princess-flash-lash-effect-waterproof-mascara-12ml
2026-03-13 23:53:48,269 [INFO] - KireiBD - 🛒 Product page detected! Extracting data...
2026-03-13 23:53:48,271 [INFO] - KireiBD - [52 New] Saved: Essence Lash Princess Falsh Lash Effect Waterproof Mascara 12ml
2026-03-13 23:54:19,887 [INFO] - KireiBD - 🌍 Visiting URL: https://kireibd.com/product/nivea-refreshingly-soft-moisturzing-cream-vegan-formula-200ml
2026-03-13 23:54:19,887 [INFO] - KireiBD - 🛒 Product page detected! Extracting data...
2026-03-13 23:54:19,890 [INFO] - KireiBD - [53 New] Saved: Nivea Refreshingly Soft Moisturzing Cream Vegan Formula 200ml
2026-03-13 23:54:51,351 [INFO] - KireiBD - 🌍 Visiting URL: https://kireibd.com/product/enchanteur-enticing-perfumed-body-lotion-250ml
2026-03-13 23:54:51,352 [INFO] - KireiBD - 🛒 Product page detected! Extracting data...
2026-03-13 23:54:51,354 [INFO] - KireiBD - [54 New] Saved: Enchanteur Enticing Perfumed Body Lotion 250ml
2026-03-13 23:55:22,772 [INFO] - KireiBD - 🌍 Visiting URL: https://kireibd.com/product/cerave-face-wash-hydrating-facial-cleanser-for-normal-to-dry-skin-473-mml
2026-03-13 23:55:22,772 [INFO] - KireiBD - 🛒 Product page detected! Extracting data...
2026-03-13 23:55:22,775 [INFO] - KireiBD - [55 New] Saved: Cerave Hydrating Facial Cleanser for Normal to Dry Skin 473ml
2026-03-13 23:55:54,192 [INFO] - KireiBD - 🌍 Visiting URL: https://kireibd.com/product/enchanteur-romantic-perfumed-deo-spray-150ml
2026-03-13 23:55:54,193 [INFO] - KireiBD - 🛒 Product page detected! Extracting data...
2026-03-13 23:55:54,195 [INFO] - KireiBD - [56 New] Saved: Enchanteur Romantic Perfumed Deo Spray 150ml
2026-03-13 23:56:25,622 [INFO] - KireiBD - 🌍 Visiting URL: https://kireibd.com/product/cerave-healing-ointment-85g
2026-03-13 23:56:25,623 [INFO] - KireiBD - 🛒 Product page detected! Extracting data...
2026-03-13 23:56:25,628 [INFO] - KireiBD - [57 New] Saved: Cerave Healing Ointment 85g
2026-03-13 23:56:57,024 [INFO] - KireiBD - 🌍 Visiting URL: https://kireibd.com/product/cerave-sa-lotion-for-rough-bumpy-skin-237ml
2026-03-13 23:56:57,025 [INFO] - KireiBD - 🛒 Product page detected! Extracting data...
2026-03-13 23:56:57,029 [INFO] - KireiBD - [58 New] Saved: Cerave SA Lotion For Rough & Bumpy Skin 237ml
2026-03-13 23:57:28,440 [INFO] - KireiBD - 🌍 Visiting URL: https://kireibd.com/product/cerave-renewing-sa-cleanser-473ml-1
2026-03-13 23:57:28,441 [INFO] - KireiBD - 🛒 Product page detected! Extracting data...
2026-03-13 23:57:28,444 [INFO] - KireiBD - [59 New] Saved: Cerave Renewing SA Cleanser 473ml
2026-03-13 23:57:59,850 [INFO] - KireiBD - 🌍 Visiting URL: https://kireibd.com/product/cerave-diabetisc-dry-skin-relief-moisturizing-cream-236ml
2026-03-13 23:57:59,851 [INFO] - KireiBD - 🛒 Product page detected! Extracting data...
2026-03-13 23:57:59,854 [INFO] - KireiBD - [60 New] Saved: Cerave Diabetisc Dry Skin Relief Moisturizing Cream 236ml
2026-03-13 23:58:31,269 [INFO] - KireiBD - 🌍 Visiting URL: https://kireibd.com/product/cerave-moisturizing-cream-pump-453g
2026-03-13 23:58:31,270 [INFO] - KireiBD - 🛒 Product page detected! Extracting data...
2026-03-13 23:58:31,274 [INFO] - KireiBD - [61 New] Saved: Cerave Moisturizing Cream Pump 453g
2026-03-13 23:59:03,296 [INFO] - KireiBD - 🌍 Visiting URL: https://kireibd.com/product/cerave-acne-control-cleanser-355ml
2026-03-13 23:59:03,297 [INFO] - KireiBD - 🛒 Product page detected! Extracting data...
2026-03-13 23:59:03,302 [INFO] - KireiBD - [62 New] Saved: Cerave Acne Control Cleanser 355ml
2026-03-13 23:59:34,753 [INFO] - KireiBD - 🌍 Visiting URL: https://kireibd.com/product/cerave-hydrating-foaming-oil-cleanser-237ml
2026-03-13 23:59:34,754 [INFO] - KireiBD - 🛒 Product page detected! Extracting data...
2026-03-13 23:59:34,756 [INFO] - KireiBD - [63 New] Saved: CeraVe Hydrating Foaming Oil Cleanser 237ml
2026-03-14 00:00:06,191 [INFO] - KireiBD - 🌍 Visiting URL: https://kireibd.com/product/the-ordinary-100-l-ascorbic-acid-powder-20g
2026-03-14 00:00:06,192 [INFO] - KireiBD - 🛒 Product page detected! Extracting data...
2026-03-14 00:00:06,196 [INFO] - KireiBD - [64 New] Saved: The Ordinary 100% L-Ascorbic Acid Powder 20g
2026-03-14 00:00:37,604 [INFO] - KireiBD - 🌍 Visiting URL: https://kireibd.com/product/cerave-foaming-facial-cleanser-for-normal-to-oily-skin-473ml
2026-03-14 00:00:37,605 [INFO] - KireiBD - 🛒 Product page detected! Extracting data...
2026-03-14 00:00:37,608 [INFO] - KireiBD - [65 New] Saved: Cerave Foaming Facial Cleanser For Normal to Oily Skin 473ml
2026-03-14 00:01:09,567 [INFO] - KireiBD - 🌍 Visiting URL: https://kireibd.com/product/enchanteur-charming-anti-perspirant-perfumed-deo-roll-on-50ml
2026-03-14 00:01:09,568 [INFO] - KireiBD - 🛒 Product page detected! Extracting data...
2026-03-14 00:01:09,571 [INFO] - KireiBD - [66 New] Saved: Enchanteur Charming Anti Perspirant Perfumed Deo Roll-On 50ml
2026-03-14 00:01:41,841 [INFO] - KireiBD - 🌍 Visiting URL: https://kireibd.com/product/enchanteur-charming-perfumed-deo-spray-150ml
2026-03-14 00:01:41,842 [INFO] - KireiBD - 🛒 Product page detected! Extracting data...
2026-03-14 00:01:41,844 [INFO] - KireiBD - [67 New] Saved: Enchanteur Charming Perfumed Deo Spray 150ml
2026-03-14 00:02:13,244 [INFO] - KireiBD - 🌍 Visiting URL: https://kireibd.com/product/simple-biodegradable-cleansing-wipes-twin-pack-20-wipes
2026-03-14 00:02:13,245 [INFO] - KireiBD - 🛒 Product page detected! Extracting data...
2026-03-14 00:02:13,248 [INFO] - KireiBD - [68 New] Saved: Simple Biodegradable Cleansing Wipes Twin Pack 20 Wipes
2026-03-14 00:02:44,647 [INFO] - KireiBD - 🌍 Visiting URL: https://kireibd.com/product/w7-liquid-eyeliner-pot-8ml-black
2026-03-14 00:02:44,648 [INFO] - KireiBD - 🛒 Product page detected! Extracting data...
2026-03-14 00:02:44,652 [INFO] - KireiBD - [69 New] Saved: W7 Liquid Eyeliner Pot 8ml - Black
2026-03-14 00:03:16,117 [INFO] - KireiBD - 🌍 Visiting URL: https://kireibd.com/product/cerave-gentle-hydrating-conditioner-266ml
2026-03-14 00:03:16,118 [INFO] - KireiBD - 🛒 Product page detected! Extracting data...
2026-03-14 00:03:16,122 [INFO] - KireiBD - [70 New] Saved: Cerave Gentle Hydrating Conditioner 266ml
2026-03-14 00:03:47,607 [INFO] - KireiBD - 🌍 Visiting URL: https://kireibd.com/product/cerave-anti-dandruff-hydrating-conditioner-266ml
2026-03-14 00:03:47,607 [INFO] - KireiBD - 🛒 Product page detected! Extracting data...
2026-03-14 00:03:47,610 [INFO] - KireiBD - [71 New] Saved: Cerave Anti-Dandruff Hydrating Conditioner 266ml
2026-03-14 00:04:19,068 [INFO] - KireiBD - 🌍 Visiting URL: https://kireibd.com/product/l-oreal-elvive-colour-protect-anti-brassiness-purple-shampoo-200ml
2026-03-14 00:04:19,068 [INFO] - KireiBD - 🛒 Product page detected! Extracting data...
2026-03-14 00:04:19,072 [INFO] - KireiBD - [72 New] Saved: L'Oreal Elvive Colour Protect Anti Brassiness Purple Shampoo 200ml
2026-03-14 00:04:50,505 [INFO] - KireiBD - 🌍 Visiting URL: https://kireibd.com/product/skya-hairthrive-hair-growth-vitalizer-serum-75ml
2026-03-14 00:04:50,506 [INFO] - KireiBD - 🛒 Product page detected! Extracting data...
2026-03-14 00:04:50,509 [INFO] - KireiBD - [73 New] Saved: Skya HAIRTHRIVE Hair Growth Vitalizer Serum 75ml
2026-03-14 00:05:21,934 [INFO] - KireiBD - 🌍 Visiting URL: https://kireibd.com/product/redsyl-ahf-anti-hairall-shampoo-100ml
2026-03-14 00:05:21,935 [INFO] - KireiBD - 🛒 Product page detected! Extracting data...
2026-03-14 00:05:21,938 [INFO] - KireiBD - [74 New] Saved: Redsyl AHF Anti-Hairall Shampoo 100ml
2026-03-14 00:05:53,356 [INFO] - KireiBD - 🌍 Visiting URL: https://kireibd.com/product/the-remedist-by-dr-rhazes-folliverse-hair-regrowth-kit-160ml
2026-03-14 00:05:53,357 [INFO] - KireiBD - 🛒 Product page detected! Extracting data...
2026-03-14 00:05:53,361 [INFO] - KireiBD - [75 New] Saved: The Remedist by Dr Rhazes Folliverse Hair Regrowth Kit 160ml
2026-03-14 00:06:24,741 [INFO] - KireiBD - 🌍 Visiting URL: https://kireibd.com/product/niacide-cream-30g
2026-03-14 00:06:24,742 [INFO] - KireiBD - 🛒 Product page detected! Extracting data...
2026-03-14 00:06:24,745 [INFO] - KireiBD - [76 New] Saved: Niacide Cream 30g
2026-03-14 00:06:56,171 [INFO] - KireiBD - 🌍 Visiting URL: https://kireibd.com/product/skya-accutane-anti-acne-oil-control-face-wash-for-rejuvenating-skin-100ml
2026-03-14 00:06:56,173 [INFO] - KireiBD - 🛒 Product page detected! Extracting data...
2026-03-14 00:06:56,175 [INFO] - KireiBD - [77 New] Saved: Skya ACCUTANE Anti-Acne Oil Control Face Wash for Rejuvenating Skin 100ml
2026-03-14 00:07:27,583 [INFO] - KireiBD - 🌍 Visiting URL: https://kireibd.com/product/acne-rid-serum-40gm
2026-03-14 00:07:27,584 [INFO] - KireiBD - 🛒 Product page detected! Extracting data...
2026-03-14 00:07:27,593 [INFO] - KireiBD - [78 New] Saved: Acne Rid Serum 50ml
2026-03-14 00:07:59,382 [INFO] - KireiBD - 🌍 Visiting URL: https://kireibd.com/product/the-remedist-by-dr-rhazes-hyaluronic-acid-facewash-100ml
2026-03-14 00:07:59,383 [INFO] - KireiBD - 🛒 Product page detected! Extracting data...
2026-03-14 00:07:59,385 [INFO] - KireiBD - [79 New] Saved: The Remedist by Dr Rhazes Hyaluronic Acid Facewash 100ml
2026-03-14 00:08:30,881 [INFO] - KireiBD - 🌍 Visiting URL: https://kireibd.com/product/sunonomics-sunscreen-silicone-gel-spf50-pa-50ml
2026-03-14 00:08:30,882 [INFO] - KireiBD - 🛒 Product page detected! Extracting data...
2026-03-14 00:08:30,888 [INFO] - KireiBD - [80 New] Saved: Sunonomics SunScreen Silicone Gel SPF50 PA+++ 50ml
2026-03-14 00:09:02,618 [INFO] - KireiBD - 🌍 Visiting URL: https://kireibd.com/product/vrh-haironomics-adr-shampoo-100ml
2026-03-14 00:09:02,619 [INFO] - KireiBD - 🛒 Product page detected! Extracting data...
2026-03-14 00:09:02,621 [INFO] - KireiBD - [81 New] Saved: VRH HairOnomics ADR Shampoo 100ml
2026-03-14 00:09:34,013 [INFO] - KireiBD - 🌍 Visiting URL: https://kireibd.com/product/skya-essone-ultra-matter-dry-touch-silicone-sunscreen-gel-spf-50-pa-50g
2026-03-14 00:09:34,013 [INFO] - KireiBD - 🛒 Product page detected! Extracting data...
2026-03-14 00:09:34,015 [INFO] - KireiBD - [82 New] Saved: Skya ESSONE Ultra Matter Dry Touch Silicone Sunscreen Gel SPF 50+ PA++++ 50g
2026-03-14 00:10:05,448 [INFO] - KireiBD - 🌍 Visiting URL: https://kireibd.com/product/gm-60-facewash-60g
2026-03-14 00:10:05,449 [INFO] - KireiBD - 🛒 Product page detected! Extracting data...
2026-03-14 00:10:05,451 [INFO] - KireiBD - [83 New] Saved: GM-60 Facewash 60g
2026-03-14 00:10:36,885 [INFO] - KireiBD - 🌍 Visiting URL: https://kireibd.com/product/skya-moisturizing-cream-for-distressed-dryitchy-irritated-skin-75ml
2026-03-14 00:10:36,885 [INFO] - KireiBD - 🛒 Product page detected! Extracting data...
2026-03-14 00:10:36,887 [INFO] - KireiBD - [84 New] Saved: SKYA Moisturizing Cream For Distressed Dry,Itchy & Irritated Skin 75ml
2026-03-14 00:11:08,979 [INFO] - KireiBD - 🌍 Visiting URL: https://kireibd.com/product/the-remedist-by-dr-rhazes-aqua-moist-gel-125gm
2026-03-14 00:11:08,980 [INFO] - KireiBD - 🛒 Product page detected! Extracting data...
2026-03-14 00:11:08,982 [INFO] - KireiBD - [85 New] Saved: The Remedist by Dr Rhazes Aqua Moist Gel 125gm
2026-03-14 00:11:40,400 [INFO] - KireiBD - 🌍 Visiting URL: https://kireibd.com/product/g-anti-acne-gel-30g
2026-03-14 00:11:40,401 [INFO] - KireiBD - 🛒 Product page detected! Extracting data...
2026-03-14 00:11:40,404 [INFO] - KireiBD - [86 New] Saved: G Anti Acne Gel 30g
2026-03-14 00:12:11,853 [INFO] - KireiBD - 🌍 Visiting URL: https://kireibd.com/product/skya-amvel-ph-cleansing-brightening-moisturizing-syndet-bar-75g
2026-03-14 00:12:11,854 [INFO] - KireiBD - 🛒 Product page detected! Extracting data...
2026-03-14 00:12:11,856 [INFO] - KireiBD - [87 New] Saved: Skya AMVEL-pH Cleansing, Brightening & Moisturizing Syndet Bar 75g
2026-03-14 00:12:43,302 [INFO] - KireiBD - 🌍 Visiting URL: https://kireibd.com/product/the-remedist-by-dr-rhazes-gentle-sunscreen-spf-50-pa-50m-2
2026-03-14 00:12:43,303 [INFO] - KireiBD - 🛒 Product page detected! Extracting data...
2026-03-14 00:12:43,306 [INFO] - KireiBD - [88 New] Saved: The Remedist by Dr Rhazes Gentle Sunscreen-SPF 50+ PA++++ 50m
2026-03-14 00:13:14,740 [INFO] - KireiBD - 🌍 Visiting URL: https://kireibd.com/product/gm-trum-anti-acne-serum-15gm
2026-03-14 00:13:14,741 [INFO] - KireiBD - 🛒 Product page detected! Extracting data...
2026-03-14 00:13:14,746 [INFO] - KireiBD - [89 New] Saved: GM TRUM Anti Acne Serum 15gm
2026-03-14 00:13:46,133 [INFO] - KireiBD - 🌍 Visiting URL: https://kireibd.com/product/skya-pellucid-n10-niacinamide-serum-10-20ml
2026-03-14 00:13:46,134 [INFO] - KireiBD - 🛒 Product page detected! Extracting data...
2026-03-14 00:13:46,136 [INFO] - KireiBD - [90 New] Saved: Skya Pellucid- N10 Niacinamide Serum 10 20ml
2026-03-14 00:14:17,567 [INFO] - KireiBD - 🌍 Visiting URL: https://kireibd.com/product/faironomics-gel-40ml
2026-03-14 00:14:17,568 [INFO] - KireiBD - 🛒 Product page detected! Extracting data...
2026-03-14 00:14:17,571 [INFO] - KireiBD - [91 New] Saved: Faironomics Gel 40ml
2026-03-14 00:14:48,999 [INFO] - KireiBD - 🌍 Visiting URL: https://kireibd.com/product/skya-accurex-oil-free-moisturizer-100ml
2026-03-14 00:14:49,000 [INFO] - KireiBD - 🛒 Product page detected! Extracting data...
2026-03-14 00:14:49,005 [INFO] - KireiBD - [92 New] Saved: Skya ACCUREX OIL FREE Moisturizer 100ml
2026-03-14 00:15:20,411 [INFO] - KireiBD - 🌍 Visiting URL: https://kireibd.com/product/the-remedist-by-dr-rhazes-age-reversal-face-serum-30ml
2026-03-14 00:15:20,411 [INFO] - KireiBD - 🛒 Product page detected! Extracting data...
2026-03-14 00:15:20,414 [INFO] - KireiBD - [93 New] Saved: The Remedist by Dr Rhazes Age Reversal Face Serum 30ml
2026-03-14 00:15:52,473 [INFO] - KireiBD - 🌍 Visiting URL: https://kireibd.com/product/aesthetic-derma-primaderm-xpertsun-urban-50-ml
2026-03-14 00:15:52,473 [INFO] - KireiBD - 🛒 Product page detected! Extracting data...
2026-03-14 00:15:52,476 [INFO] - KireiBD - [94 New] Saved: Aesthetic Derma Primaderm XPERTSUN™ Urban 50 ml
2026-03-14 00:16:23,853 [INFO] - KireiBD - 🌍 Visiting URL: https://kireibd.com/product/skya-accutane-anti-acne-serum-30ml
2026-03-14 00:16:23,854 [INFO] - KireiBD - 🛒 Product page detected! Extracting data...
2026-03-14 00:16:23,858 [INFO] - KireiBD - [95 New] Saved: Skya Accutane Anti_Acne Serum 30ml
2026-03-14 00:16:55,379 [INFO] - KireiBD - 🌍 Visiting URL: https://kireibd.com/product/skya-transformation-face-cream-20gm
2026-03-14 00:16:55,380 [INFO] - KireiBD - 🛒 Product page detected! Extracting data...
2026-03-14 00:16:55,382 [INFO] - KireiBD - [96 New] Saved: Skya Transformation Face Cream 20gm
2026-03-14 00:17:26,874 [INFO] - KireiBD - 🌍 Visiting URL: https://kireibd.com/product/omi-brotherhood-verdio-medicated-body-gel-200g
2026-03-14 00:17:26,875 [INFO] - KireiBD - 🛒 Product page detected! Extracting data...
2026-03-14 00:17:26,877 [INFO] - KireiBD - [97 New] Saved: Omi Brotherhood Verdio Medicated Body Gel 200g
2026-03-14 00:17:58,269 [INFO] - KireiBD - 🌍 Visiting URL: https://kireibd.com/product/omi-sun-bears-active-protect-milk-sunscreen-spf-50-pa-30g
2026-03-14 00:17:58,270 [INFO] - KireiBD - 🛒 Product page detected! Extracting data...
2026-03-14 00:17:58,274 [INFO] - KireiBD - [98 New] Saved: OMI Brotherhood Sun Bears Active Protect Milk Sunscreen SPF 50+ PA++++ 30g
2026-03-14 00:18:29,674 [INFO] - KireiBD - 🌍 Visiting URL: https://kireibd.com/product/omi-brotherhood-menturm-deepener-menthol-lip-stick-23g
2026-03-14 00:18:29,675 [INFO] - KireiBD - 🛒 Product page detected! Extracting data...
2026-03-14 00:18:29,678 [INFO] - KireiBD - [99 New] Saved: Omi Brotherhood Menturm   Deepner   Medicated   Menthol   Lip   Stick   SPF20/PA++   2.3g
2026-03-14 00:19:01,101 [INFO] - KireiBD - 🌍 Visiting URL: https://kireibd.com/product/omi-brotherhood-menturm-mosquito-and-insect-repellent-mist-pocket-spray-25ml
2026-03-14 00:19:01,102 [INFO] - KireiBD - 🛒 Product page detected! Extracting data...
2026-03-14 00:19:01,105 [INFO] - KireiBD - [100 New] Saved: Omi Brotherhood Menturm Mosquito & Insect Repellent Mist Pocket Spray 25ml
2026-03-14 00:19:32,664 [INFO] - KireiBD - 🌍 Visiting URL: https://kireibd.com/product/omi-sun-bears-mild-gel-spf-35-pa-30g
2026-03-14 00:19:32,665 [INFO] - KireiBD - 🛒 Product page detected! Extracting data...
2026-03-14 00:19:32,667 [INFO] - KireiBD - [101 New] Saved: OMI Sun Bears Mild Gel SPF 35 PA+++ 30g
2026-03-14 00:20:04,290 [INFO] - KireiBD - 🌍 Visiting URL: https://kireibd.com/product/omi-verdio-uv-moisture-gel-sunscreen-spf50-pa-220g
2026-03-14 00:20:04,292 [INFO] - KireiBD - 🛒 Product page detected! Extracting data...
2026-03-14 00:20:04,295 [INFO] - KireiBD - [102 New] Saved: Omi Verdio UV Moisture Gel Sunscreen SPF50+ PA++++ 220g
2026-03-14 00:20:35,734 [INFO] - KireiBD - 🌍 Visiting URL: https://kireibd.com/product/omi-brotherhood-menturm-the-sun-tone-up-uv-essence-lavender-spf50-pa-80g
2026-03-14 00:20:35,735 [INFO] - KireiBD - 🛒 Product page detected! Extracting data...
2026-03-14 00:20:35,739 [INFO] - KireiBD - [103 New] Saved: OMI Brotherhood MENTURM the SUN Tone Up UV Essence Lavender SPF50+ PA++++ 80g
2026-03-14 00:21:07,173 [INFO] - KireiBD - 🌍 Visiting URL: https://kireibd.com/product/omi-verdio-uv-tone-up-essence-rose-color-spf-50-pa50g
2026-03-14 00:21:07,174 [INFO] - KireiBD - 🛒 Product page detected! Extracting data...
2026-03-14 00:21:07,177 [INFO] - KireiBD - [104 New] Saved: OMI Brotherhood Verdio UV Tone Up Essence Rose Color SPF 50+ PA++++50g
2026-03-14 00:21:38,589 [INFO] - KireiBD - 🌍 Visiting URL: https://kireibd.com/product/omi-brotherhood-menturm-deepener-lip-color-spf20-red
2026-03-14 00:21:38,589 [INFO] - KireiBD - 🛒 Product page detected! Extracting data...
2026-03-14 00:21:38,592 [INFO] - KireiBD - [105 New] Saved: Omi Brotherhood Menturm Deepener Lip Color SPF20 - Red
2026-03-14 00:22:09,999 [INFO] - KireiBD - 🌍 Visiting URL: https://kireibd.com/product/omi-brotherhood-menturm-deepener-sensitive-lip-stick-23g
2026-03-14 00:22:10,001 [INFO] - KireiBD - 🛒 Product page detected! Extracting data...
2026-03-14 00:22:10,006 [INFO] - KireiBD - [106 New] Saved: Omi Brotherhood Menturm Deepner Sensitive Lip Stick 2.3G
2026-03-14 00:22:41,442 [INFO] - KireiBD - 🌍 Visiting URL: https://kireibd.com/product/omi-verdio-uv-moisture-gel-sunscreen-spf50-pa-80g-2
2026-03-14 00:22:41,442 [INFO] - KireiBD - 🛒 Product page detected! Extracting data...
2026-03-14 00:22:41,445 [INFO] - KireiBD - [107 New] Saved: OMI Brotherhood Verdio UV Moisture Gel Sunscreen SPF50+ PA++++ – 80g
2026-03-14 00:23:12,825 [INFO] - KireiBD - 🌍 Visiting URL: https://kireibd.com/product/omi-brotherhood-menturm-medical-cream-g-145g
2026-03-14 00:23:12,826 [INFO] - KireiBD - 🛒 Product page detected! Extracting data...
2026-03-14 00:23:12,829 [INFO] - KireiBD - [108 New] Saved: Omi Brotherhood Menturm Medical Cream G 145g
2026-03-14 00:23:44,345 [INFO] - KireiBD - 🌍 Visiting URL: https://kireibd.com/product/omi-brotherhood-menturm-deepener-lip-color-spf20-pink-beige
2026-03-14 00:23:44,346 [INFO] - KireiBD - 🛒 Product page detected! Extracting data...
2026-03-14 00:23:44,350 [INFO] - KireiBD - [109 New] Saved: Omi Brotherhood Menturm Deepner Lip Color SPF20 - Pink Beige
2026-03-14 00:24:15,821 [INFO] - KireiBD - 🌍 Visiting URL: https://kireibd.com/product/omi-brothers-menturm-tint-lip-rose-spf-20-pa-35gm
2026-03-14 00:24:15,821 [INFO] - KireiBD - 🛒 Product page detected! Extracting data...
2026-03-14 00:24:15,826 [INFO] - KireiBD - [110 New] Saved: Omi Brotherhood Menturm Tint Lip Rose SPF 20 PA++ 3.5gm
2026-03-14 00:24:47,562 [INFO] - KireiBD - 🌍 Visiting URL: https://kireibd.com/product/omi-primabene-perfect-uv-essence-spp50-pa-70g
2026-03-14 00:24:47,562 [INFO] - KireiBD - 🛒 Product page detected! Extracting data...
2026-03-14 00:24:47,565 [INFO] - KireiBD - [111 New] Saved: OMI Primabene Perfect UV Essence SPP50+ PA++++ 70g
2026-03-14 00:25:19,053 [INFO] - KireiBD - 🌍 Visiting URL: https://kireibd.com/product/omi-prima-bene-perfect-uv-gel-n-spf50-pa-80g
2026-03-14 00:25:19,054 [INFO] - KireiBD - 🛒 Product page detected! Extracting data...
2026-03-14 00:25:19,057 [INFO] - KireiBD - [112 New] Saved: OMI Primabene Perfect UV Gel N SPF50+ PA++++ 80g
2026-03-14 00:25:50,563 [INFO] - KireiBD - 🌍 Visiting URL: https://kireibd.com/product/omi-brotherhood-menturm-the-sun-tone-up-uv-essence-rose-spf50-pa-80g
2026-03-14 00:25:50,564 [INFO] - KireiBD - 🛒 Product page detected! Extracting data...
2026-03-14 00:25:50,567 [INFO] - KireiBD - [113 New] Saved: OMI Brotherhood MENTURM the SUN Tone Up UV Essence Rose SPF50+ PA++++ 80g
2026-03-14 00:26:22,082 [INFO] - KireiBD - 🌍 Visiting URL: https://kireibd.com/product/omi-brotherhood-menturm-medicated-stick-with-menthol-4g
2026-03-14 00:26:22,084 [INFO] - KireiBD - 🛒 Product page detected! Extracting data...
2026-03-14 00:26:22,087 [INFO] - KireiBD - [114 New] Saved: Omi Brotherhood Menturm Medicated Stick with Menthol 4g
2026-03-14 00:26:53,583 [INFO] - KireiBD - 🌍 Visiting URL: https://kireibd.com/product/omi-brothers-menturm-the-san-perfect-uv-gel-spf50-pa-100g
2026-03-14 00:26:53,584 [INFO] - KireiBD - 🛒 Product page detected! Extracting data...
2026-03-14 00:26:53,586 [INFO] - KireiBD - [115 New] Saved: Omi Brothers Menturm The Sun UV Protect Gel SPF50+ PA++++ 100g
2026-03-14 00:27:25,638 [INFO] - KireiBD - 🌍 Visiting URL: https://kireibd.com/product/omi-verdio-uv-barrier-milk-spf-50-pa-80g
2026-03-14 00:27:25,639 [INFO] - KireiBD - 🛒 Product page detected! Extracting data...
2026-03-14 00:27:25,642 [INFO] - KireiBD - [116 New] Saved: OMI Brotherhood Verdio UV Barrier Milk SPF 50 PA++++ 80g
2026-03-14 00:27:57,221 [INFO] - KireiBD - 🌍 Visiting URL: https://kireibd.com/product/omi-brotherhood-menturm-deepener-lip-unscented-uv-23g
2026-03-14 00:27:57,221 [INFO] - KireiBD - 🛒 Product page detected! Extracting data...
2026-03-14 00:27:57,224 [INFO] - KireiBD - [117 New] Saved: Omi Brotherhood Menturm Deepner Lip Unscented UV 2.3g spf 20 pa++
2026-03-14 00:28:28,727 [INFO] - KireiBD - 🌍 Visiting URL: https://kireibd.com/product/omi-sunbears-active-protect-cool-sunscreen-spf-50-pa-30g
2026-03-14 00:28:28,728 [INFO] - KireiBD - 🛒 Product page detected! Extracting data...
2026-03-14 00:28:28,732 [INFO] - KireiBD - [118 New] Saved: OMI Brotherhood SunBears Active Protect Cool Sunscreen SPF 50+ PA++++ 30g
2026-03-14 00:29:00,238 [INFO] - KireiBD - 🌍 Visiting URL: https://kireibd.com/product/omi-menturm-verdio-uv-tone-up-gel-spf-50-pa-sheer-pink-70g
2026-03-14 00:29:00,238 [INFO] - KireiBD - 🛒 Product page detected! Extracting data...
2026-03-14 00:29:00,242 [INFO] - KireiBD - [119 New] Saved: OMI Menturm Verdio UV Tone Up Gel SPF 50+ PA++++( Sheer Pink) 70g
2026-03-14 00:29:31,680 [INFO] - KireiBD - 🌍 Visiting URL: https://kireibd.com/product/omi-brotherhood-menturm-deepener-lip-color-spf20-bordeaux-23g
2026-03-14 00:29:31,681 [INFO] - KireiBD - 🛒 Product page detected! Extracting data...
2026-03-14 00:29:31,683 [INFO] - KireiBD - [120 New] Saved: Omi Brotherhood Menturm Deepner Lip Color SPF20 Bordeaux 2.3g
2026-03-14 00:29:34,277 [INFO] - KireiBD - 🌍 Visiting URL: https://kireibd.com/product/anti-hair-fall-combo
2026-03-14 00:29:34,278 [INFO] - KireiBD - 🛒 Product page detected! Extracting data...
2026-03-14 00:29:34,280 [INFO] - KireiBD - [121 New] Saved: Anti Hair Fall Combo
2026-03-14 00:30:05,654 [INFO] - KireiBD - 🌍 Visiting URL: https://kireibd.com/product/signature-glow-treatment
2026-03-14 00:30:05,655 [INFO] - KireiBD - 🛒 Product page detected! Extracting data...
2026-03-14 00:30:05,658 [INFO] - KireiBD - [122 New] Saved: Signature Glow Treatment
2026-03-14 00:30:37,077 [INFO] - KireiBD - 🌍 Visiting URL: https://kireibd.com/product/acne-care-combo
2026-03-14 00:30:37,077 [INFO] - KireiBD - 🛒 Product page detected! Extracting data...
2026-03-14 00:30:37,079 [INFO] - KireiBD - [123 New] Saved: Acne Care Combo
2026-03-14 00:31:08,542 [INFO] - KireiBD - 🌍 Visiting URL: https://kireibd.com/product/hydra-boost-care
2026-03-14 00:31:08,543 [INFO] - KireiBD - 🛒 Product page detected! Extracting data...
2026-03-14 00:31:08,547 [INFO] - KireiBD - [124 New] Saved: Hydra Boost Care
2026-03-14 00:31:39,979 [INFO] - KireiBD - 🌍 Visiting URL: https://kireibd.com/product/melasma-cure-cpmbo
2026-03-14 00:31:39,979 [INFO] - KireiBD - 🛒 Product page detected! Extracting data...
2026-03-14 00:31:39,982 [INFO] - KireiBD - [125 New] Saved: Melasma Cure Cpmbo
2026-03-14 00:32:11,408 [INFO] - KireiBD - 🌍 Visiting URL: https://kireibd.com/product/molesfreckles-clear-combo
2026-03-14 00:32:11,409 [INFO] - KireiBD - 🛒 Product page detected! Extracting data...
2026-03-14 00:32:11,411 [INFO] - KireiBD - [126 New] Saved: Moles/Freckles Clear Combo
2026-03-14 00:32:42,795 [INFO] - KireiBD - 🌍 Visiting URL: https://kireibd.com/product/anti-aging-power-pack
2026-03-14 00:32:42,796 [INFO] - KireiBD - 🛒 Product page detected! Extracting data...
2026-03-14 00:32:42,801 [INFO] - KireiBD - [127 New] Saved: Anti Aging Power pack
2026-03-14 00:33:14,205 [INFO] - KireiBD - 🌍 Visiting URL: https://kireibd.com/product/daiso-km-double-ended-tear-bag-maker-02
2026-03-14 00:33:14,206 [INFO] - KireiBD - 🛒 Product page detected! Extracting data...
2026-03-14 00:33:14,208 [INFO] - KireiBD - [128 New] Saved: Daiso KM Double-Ended Tear Bag Maker 02
2026-03-14 00:33:45,598 [INFO] - KireiBD - 🌍 Visiting URL: https://kireibd.com/product/daiso-face-powder-mint
2026-03-14 00:33:45,599 [INFO] - KireiBD - 🛒 Product page detected! Extracting data...
2026-03-14 00:33:45,601 [INFO] - KireiBD - [129 New] Saved: Daiso Face Powder Mint
2026-03-14 00:34:17,015 [INFO] - KireiBD - 🌍 Visiting URL: https://kireibd.com/product/daiso-km-juicy-tint-lip-color-04
2026-03-14 00:34:17,016 [INFO] - KireiBD - 🛒 Product page detected! Extracting data...
2026-03-14 00:34:17,018 [INFO] - KireiBD - [130 New] Saved: Daiso KM Juicy Tint Lip Color 04
2026-03-14 00:34:17,181 [INFO] - KireiBD - Scraper finished successfully.
