2026-03-08 07:38:21,758 [INFO] - ParserLoader - ✅ Successfully loaded parser for liraimportltd.com
2026-03-08 07:38:21,766 [INFO] - Lira - Starting scraper for Lira...
2026-03-08 07:38:23,292 [INFO] - LiraImportLtd - 🌍 Visiting URL: https://liraimportltd.com/product-category/hair-care/
2026-03-08 07:38:23,292 [INFO] - LiraImportLtd - 🛒 Product page detected! Extracting data...
2026-03-08 07:38:23,299 [INFO] - LiraImportLtd - 🔍 Found 0 unique target links.
2026-03-08 07:38:23,311 [INFO] - LiraImportLtd - 🌍 Visiting URL: https://liraimportltd.com/product-category/makeup/
2026-03-08 07:38:23,311 [INFO] - LiraImportLtd - 🛒 Product page detected! Extracting data...
2026-03-08 07:38:23,319 [INFO] - Lira - [1 New] Saved: 
2026-03-08 07:38:23,321 [INFO] - LiraImportLtd - 🔍 Found 0 unique target links.
2026-03-08 07:38:23,341 [INFO] - LiraImportLtd - 🌍 Visiting URL: https://liraimportltd.com/product-category/skin-care/
2026-03-08 07:38:23,342 [INFO] - LiraImportLtd - 🛒 Product page detected! Extracting data...
2026-03-08 07:38:23,371 [INFO] - LiraImportLtd - 🌍 Visiting URL: https://liraimportltd.com/product-category/perfume/
2026-03-08 07:38:23,372 [INFO] - LiraImportLtd - 🛒 Product page detected! Extracting data...
2026-03-08 07:38:23,377 [INFO] - Lira - [2 New] Saved: 
2026-03-08 07:38:23,379 [INFO] - LiraImportLtd - 🔍 Found 0 unique target links.
2026-03-08 07:38:23,385 [INFO] - LiraImportLtd - 🔍 Found 0 unique target links.
2026-03-08 07:38:23,390 [INFO] - Lira - [3 New] Saved: 
2026-03-08 07:38:23,391 [INFO] - Lira - [4 New] Saved: 
2026-03-08 07:38:23,635 [INFO] - LiraImportLtd - 🌍 Visiting URL: https://liraimportltd.com/product-category/toiletries/
2026-03-08 07:38:23,635 [INFO] - LiraImportLtd - 🛒 Product page detected! Extracting data...
2026-03-08 07:38:23,639 [INFO] - LiraImportLtd - 🔍 Found 0 unique target links.
2026-03-08 07:38:23,642 [INFO] - Lira - [5 New] Saved: 
2026-03-08 07:38:23,652 [INFO] - Lira - Scraper finished successfully.
2026-03-08 07:46:42,736 [INFO] - ParserLoader - ✅ Successfully loaded parser for liraimportltd.com
2026-03-08 07:46:42,744 [INFO] - Lira - Loaded 5 unique products from existing CSV.
2026-03-08 07:46:42,746 [ERROR] - Lira - Fatal error!
Traceback (most recent call last):
  File "/app/src/main.py", line 167, in <module>
    asyncio.run(run())
    ~~~~~~~~~~~^^^^^^^
  File "/usr/local/lib/python3.13/asyncio/runners.py", line 195, in run
    return runner.run(main)
           ~~~~~~~~~~^^^^^^
  File "/usr/local/lib/python3.13/asyncio/runners.py", line 118, in run
    return self._loop.run_until_complete(task)
           ~~~~~~~~~~~~~~~~~~~~~~~~~~~~~^^^^^^
  File "/usr/local/lib/python3.13/asyncio/base_events.py", line 725, in run_until_complete
    return future.result()
           ~~~~~~~~~~~~~^^
  File "/app/src/main.py", line 100, in run
    with open(csv_path, mode="a", newline="", encoding="utf-8") as f:
         ~~~~^^^^^^^^^^^^^^^^^^^^^^^^^^^^^^^^^^^^^^^^^^^^^^^^^^
PermissionError: [Errno 13] Permission denied: '/app/data/csvs/Lira_products.csv'
2026-03-08 07:46:43,565 [INFO] - ParserLoader - ✅ Successfully loaded parser for liraimportltd.com
2026-03-08 07:46:43,571 [INFO] - Lira - Loaded 5 unique products from existing CSV.
2026-03-08 07:46:43,573 [ERROR] - Lira - Fatal error!
Traceback (most recent call last):
  File "/app/src/main.py", line 167, in <module>
    asyncio.run(run())
    ~~~~~~~~~~~^^^^^^^
  File "/usr/local/lib/python3.13/asyncio/runners.py", line 195, in run
    return runner.run(main)
           ~~~~~~~~~~^^^^^^
  File "/usr/local/lib/python3.13/asyncio/runners.py", line 118, in run
    return self._loop.run_until_complete(task)
           ~~~~~~~~~~~~~~~~~~~~~~~~~~~~~^^^^^^
  File "/usr/local/lib/python3.13/asyncio/base_events.py", line 725, in run_until_complete
    return future.result()
           ~~~~~~~~~~~~~^^
  File "/app/src/main.py", line 100, in run
    with open(csv_path, mode="a", newline="", encoding="utf-8") as f:
         ~~~~^^^^^^^^^^^^^^^^^^^^^^^^^^^^^^^^^^^^^^^^^^^^^^^^^^
PermissionError: [Errno 13] Permission denied: '/app/data/csvs/Lira_products.csv'
2026-03-08 07:46:44,444 [INFO] - ParserLoader - ✅ Successfully loaded parser for liraimportltd.com
2026-03-08 07:46:44,450 [INFO] - Lira - Loaded 5 unique products from existing CSV.
2026-03-08 07:46:44,452 [ERROR] - Lira - Fatal error!
Traceback (most recent call last):
  File "/app/src/main.py", line 167, in <module>
    asyncio.run(run())
    ~~~~~~~~~~~^^^^^^^
  File "/usr/local/lib/python3.13/asyncio/runners.py", line 195, in run
    return runner.run(main)
           ~~~~~~~~~~^^^^^^
  File "/usr/local/lib/python3.13/asyncio/runners.py", line 118, in run
    return self._loop.run_until_complete(task)
           ~~~~~~~~~~~~~~~~~~~~~~~~~~~~~^^^^^^
  File "/usr/local/lib/python3.13/asyncio/base_events.py", line 725, in run_until_complete
    return future.result()
           ~~~~~~~~~~~~~^^
  File "/app/src/main.py", line 100, in run
    with open(csv_path, mode="a", newline="", encoding="utf-8") as f:
         ~~~~^^^^^^^^^^^^^^^^^^^^^^^^^^^^^^^^^^^^^^^^^^^^^^^^^^
PermissionError: [Errno 13] Permission denied: '/app/data/csvs/Lira_products.csv'
2026-03-08 07:46:45,485 [INFO] - ParserLoader - ✅ Successfully loaded parser for liraimportltd.com
2026-03-08 07:46:45,492 [INFO] - Lira - Loaded 5 unique products from existing CSV.
2026-03-08 07:46:45,494 [ERROR] - Lira - Fatal error!
Traceback (most recent call last):
  File "/app/src/main.py", line 167, in <module>
    asyncio.run(run())
    ~~~~~~~~~~~^^^^^^^
  File "/usr/local/lib/python3.13/asyncio/runners.py", line 195, in run
    return runner.run(main)
           ~~~~~~~~~~^^^^^^
  File "/usr/local/lib/python3.13/asyncio/runners.py", line 118, in run
    return self._loop.run_until_complete(task)
           ~~~~~~~~~~~~~~~~~~~~~~~~~~~~~^^^^^^
  File "/usr/local/lib/python3.13/asyncio/base_events.py", line 725, in run_until_complete
    return future.result()
           ~~~~~~~~~~~~~^^
  File "/app/src/main.py", line 100, in run
    with open(csv_path, mode="a", newline="", encoding="utf-8") as f:
         ~~~~^^^^^^^^^^^^^^^^^^^^^^^^^^^^^^^^^^^^^^^^^^^^^^^^^^
PermissionError: [Errno 13] Permission denied: '/app/data/csvs/Lira_products.csv'
2026-03-08 07:46:46,981 [INFO] - ParserLoader - ✅ Successfully loaded parser for liraimportltd.com
2026-03-08 07:46:46,988 [INFO] - Lira - Loaded 5 unique products from existing CSV.
2026-03-08 07:46:46,990 [ERROR] - Lira - Fatal error!
Traceback (most recent call last):
  File "/app/src/main.py", line 167, in <module>
    asyncio.run(run())
    ~~~~~~~~~~~^^^^^^^
  File "/usr/local/lib/python3.13/asyncio/runners.py", line 195, in run
    return runner.run(main)
           ~~~~~~~~~~^^^^^^
  File "/usr/local/lib/python3.13/asyncio/runners.py", line 118, in run
    return self._loop.run_until_complete(task)
           ~~~~~~~~~~~~~~~~~~~~~~~~~~~~~^^^^^^
  File "/usr/local/lib/python3.13/asyncio/base_events.py", line 725, in run_until_complete
    return future.result()
           ~~~~~~~~~~~~~^^
  File "/app/src/main.py", line 100, in run
    with open(csv_path, mode="a", newline="", encoding="utf-8") as f:
         ~~~~^^^^^^^^^^^^^^^^^^^^^^^^^^^^^^^^^^^^^^^^^^^^^^^^^^
PermissionError: [Errno 13] Permission denied: '/app/data/csvs/Lira_products.csv'
2026-03-08 07:46:49,297 [INFO] - ParserLoader - ✅ Successfully loaded parser for liraimportltd.com
2026-03-08 07:46:49,304 [INFO] - Lira - Loaded 5 unique products from existing CSV.
2026-03-08 07:46:49,306 [ERROR] - Lira - Fatal error!
Traceback (most recent call last):
  File "/app/src/main.py", line 167, in <module>
    asyncio.run(run())
    ~~~~~~~~~~~^^^^^^^
  File "/usr/local/lib/python3.13/asyncio/runners.py", line 195, in run
    return runner.run(main)
           ~~~~~~~~~~^^^^^^
  File "/usr/local/lib/python3.13/asyncio/runners.py", line 118, in run
    return self._loop.run_until_complete(task)
           ~~~~~~~~~~~~~~~~~~~~~~~~~~~~~^^^^^^
  File "/usr/local/lib/python3.13/asyncio/base_events.py", line 725, in run_until_complete
    return future.result()
           ~~~~~~~~~~~~~^^
  File "/app/src/main.py", line 100, in run
    with open(csv_path, mode="a", newline="", encoding="utf-8") as f:
         ~~~~^^^^^^^^^^^^^^^^^^^^^^^^^^^^^^^^^^^^^^^^^^^^^^^^^^
PermissionError: [Errno 13] Permission denied: '/app/data/csvs/Lira_products.csv'
2026-03-08 07:46:53,197 [INFO] - ParserLoader - ✅ Successfully loaded parser for liraimportltd.com
2026-03-08 07:46:53,205 [INFO] - Lira - Loaded 5 unique products from existing CSV.
2026-03-08 07:46:53,207 [ERROR] - Lira - Fatal error!
Traceback (most recent call last):
  File "/app/src/main.py", line 167, in <module>
    asyncio.run(run())
    ~~~~~~~~~~~^^^^^^^
  File "/usr/local/lib/python3.13/asyncio/runners.py", line 195, in run
    return runner.run(main)
           ~~~~~~~~~~^^^^^^
  File "/usr/local/lib/python3.13/asyncio/runners.py", line 118, in run
    return self._loop.run_until_complete(task)
           ~~~~~~~~~~~~~~~~~~~~~~~~~~~~~^^^^^^
  File "/usr/local/lib/python3.13/asyncio/base_events.py", line 725, in run_until_complete
    return future.result()
           ~~~~~~~~~~~~~^^
  File "/app/src/main.py", line 100, in run
    with open(csv_path, mode="a", newline="", encoding="utf-8") as f:
         ~~~~^^^^^^^^^^^^^^^^^^^^^^^^^^^^^^^^^^^^^^^^^^^^^^^^^^
PermissionError: [Errno 13] Permission denied: '/app/data/csvs/Lira_products.csv'
2026-03-08 07:47:00,267 [INFO] - ParserLoader - ✅ Successfully loaded parser for liraimportltd.com
2026-03-08 07:47:00,274 [INFO] - Lira - Loaded 5 unique products from existing CSV.
2026-03-08 07:47:00,277 [INFO] - Lira - Starting scraper for Lira...
2026-03-08 07:47:01,859 [INFO] - Lira - Scraper finished successfully.
2026-03-08 07:47:19,333 [INFO] - ParserLoader - ✅ Successfully loaded parser for liraimportltd.com
2026-03-08 07:47:19,340 [INFO] - Lira - Loaded 5 unique products from existing CSV.
2026-03-08 07:47:19,343 [INFO] - Lira - Starting scraper for Lira...
2026-03-08 07:47:21,116 [INFO] - Lira - Scraper finished successfully.
2026-03-08 08:16:37,582 [INFO] - ParserLoader - ✅ Successfully loaded parser for liraimportltd.com
2026-03-08 08:16:37,619 [INFO] - Lira - Loaded 5 unique products from existing CSV.
2026-03-08 08:16:37,624 [INFO] - Lira - Starting scraper for Lira...
2026-03-08 08:16:39,316 [INFO] - Lira - Scraper finished successfully.
2026-03-08 08:18:52,489 [INFO] - ParserLoader - ✅ Successfully loaded parser for liraimportltd.com
2026-03-08 08:18:52,499 [INFO] - Lira - Loaded 5 unique products from existing CSV.
2026-03-08 08:18:52,503 [INFO] - Lira - Starting scraper for Lira...
2026-03-08 08:18:53,941 [INFO] - LiraImportLtd - 🌍 Visiting URL: https://liraimportltd.com/product-category/makeup/
2026-03-08 08:18:53,942 [INFO] - LiraImportLtd - 🗂️ Category/Nav page detected.
2026-03-08 08:18:53,945 [INFO] - LiraImportLtd - 🔍 Found 2 unique target links.
2026-03-08 08:18:53,961 [INFO] - LiraImportLtd - 🌍 Visiting URL: https://liraimportltd.com/product-category/skin-care/
2026-03-08 08:18:53,962 [INFO] - LiraImportLtd - 🗂️ Category/Nav page detected.
2026-03-08 08:18:53,963 [INFO] - LiraImportLtd - 🔍 Found 2 unique target links.
2026-03-08 08:18:53,984 [INFO] - LiraImportLtd - 🌍 Visiting URL: https://liraimportltd.com/product-category/toiletries/
2026-03-08 08:18:53,985 [INFO] - LiraImportLtd - 🗂️ Category/Nav page detected.
2026-03-08 08:18:53,987 [INFO] - LiraImportLtd - 🔍 Found 2 unique target links.
2026-03-08 08:18:54,008 [INFO] - LiraImportLtd - 🌍 Visiting URL: https://liraimportltd.com/product-category/hair-care/
2026-03-08 08:18:54,009 [INFO] - LiraImportLtd - 🗂️ Category/Nav page detected.
2026-03-08 08:18:54,011 [INFO] - LiraImportLtd - 🔍 Found 2 unique target links.
2026-03-08 08:18:54,293 [INFO] - LiraImportLtd - 🌍 Visiting URL: https://liraimportltd.com/product-category/perfume/
2026-03-08 08:18:54,294 [INFO] - LiraImportLtd - 🗂️ Category/Nav page detected.
2026-03-08 08:18:54,295 [INFO] - LiraImportLtd - 🔍 Found 1 unique target links.
2026-03-08 08:18:55,277 [INFO] - LiraImportLtd - 🌍 Visiting URL: https://liraimportltd.com/product-category/makeup/page/2/
2026-03-08 08:18:55,284 [INFO] - LiraImportLtd - 🗂️ Category/Nav page detected.
2026-03-08 08:18:55,285 [INFO] - LiraImportLtd - 🔍 Found 3 unique target links.
2026-03-08 08:18:55,305 [INFO] - LiraImportLtd - 🌍 Visiting URL: https://liraimportltd.com/product-category/skin-care/page/2/
2026-03-08 08:18:55,307 [INFO] - LiraImportLtd - 🗂️ Category/Nav page detected.
2026-03-08 08:18:55,309 [INFO] - LiraImportLtd - 🔍 Found 3 unique target links.
2026-03-08 08:18:55,325 [INFO] - LiraImportLtd - 🌍 Visiting URL: https://liraimportltd.com/product-category/makeup/page/39/
2026-03-08 08:18:55,327 [INFO] - LiraImportLtd - 🗂️ Category/Nav page detected.
2026-03-08 08:18:55,328 [INFO] - LiraImportLtd - 🔍 Found 2 unique target links.
2026-03-08 08:18:55,349 [INFO] - LiraImportLtd - 🌍 Visiting URL: https://liraimportltd.com/product-category/skin-care/page/13/
2026-03-08 08:18:55,350 [INFO] - LiraImportLtd - 🗂️ Category/Nav page detected.
2026-03-08 08:18:55,352 [INFO] - LiraImportLtd - 🔍 Found 2 unique target links.
2026-03-08 08:18:55,509 [INFO] - LiraImportLtd - 🌍 Visiting URL: https://liraimportltd.com/product-category/toiletries/page/3/
2026-03-08 08:18:55,510 [INFO] - LiraImportLtd - 🗂️ Category/Nav page detected.
2026-03-08 08:18:55,511 [INFO] - LiraImportLtd - 🔍 Found 2 unique target links.
2026-03-08 08:18:56,614 [INFO] - LiraImportLtd - 🌍 Visiting URL: https://liraimportltd.com/product-category/toiletries/page/2/
2026-03-08 08:18:56,615 [INFO] - LiraImportLtd - 🗂️ Category/Nav page detected.
2026-03-08 08:18:56,616 [INFO] - LiraImportLtd - 🔍 Found 2 unique target links.
2026-03-08 08:18:56,627 [INFO] - LiraImportLtd - 🌍 Visiting URL: https://liraimportltd.com/product-category/hair-care/page/6/
2026-03-08 08:18:56,628 [INFO] - LiraImportLtd - 🗂️ Category/Nav page detected.
2026-03-08 08:18:56,629 [INFO] - LiraImportLtd - 🔍 Found 2 unique target links.
2026-03-08 08:18:56,644 [INFO] - LiraImportLtd - 🌍 Visiting URL: https://liraimportltd.com/product-category/perfume/page/2/
2026-03-08 08:18:56,645 [INFO] - LiraImportLtd - 🗂️ Category/Nav page detected.
2026-03-08 08:18:56,647 [INFO] - LiraImportLtd - 🔍 Found 1 unique target links.
2026-03-08 08:18:56,659 [INFO] - LiraImportLtd - 🌍 Visiting URL: https://liraimportltd.com/product-category/hair-care/page/2/
2026-03-08 08:18:56,662 [INFO] - LiraImportLtd - 🗂️ Category/Nav page detected.
2026-03-08 08:18:56,666 [INFO] - LiraImportLtd - 🔍 Found 3 unique target links.
2026-03-08 08:18:57,059 [INFO] - LiraImportLtd - 🌍 Visiting URL: https://liraimportltd.com/product-category/makeup/
2026-03-08 08:18:57,059 [INFO] - LiraImportLtd - 🗂️ Category/Nav page detected.
2026-03-08 08:18:57,060 [INFO] - LiraImportLtd - 🔍 Found 2 unique target links.
2026-03-08 08:18:57,937 [INFO] - LiraImportLtd - 🌍 Visiting URL: https://liraimportltd.com/product-category/makeup/page/3/
2026-03-08 08:18:57,938 [INFO] - LiraImportLtd - 🗂️ Category/Nav page detected.
2026-03-08 08:18:57,939 [INFO] - LiraImportLtd - 🔍 Found 4 unique target links.
2026-03-08 08:18:57,955 [INFO] - LiraImportLtd - 🌍 Visiting URL: https://liraimportltd.com/product-category/skin-care/page/3/
2026-03-08 08:18:57,957 [INFO] - LiraImportLtd - 🗂️ Category/Nav page detected.
2026-03-08 08:18:57,958 [INFO] - LiraImportLtd - 🔍 Found 4 unique target links.
2026-03-08 08:18:57,976 [INFO] - LiraImportLtd - 🌍 Visiting URL: https://liraimportltd.com/product-category/makeup/page/38/
2026-03-08 08:18:57,977 [INFO] - LiraImportLtd - 🗂️ Category/Nav page detected.
2026-03-08 08:18:57,979 [INFO] - LiraImportLtd - 🔍 Found 3 unique target links.
2026-03-08 08:18:58,192 [INFO] - LiraImportLtd - 🌍 Visiting URL: https://liraimportltd.com/product-category/skin-care/
2026-03-08 08:18:58,193 [INFO] - LiraImportLtd - 🗂️ Category/Nav page detected.
2026-03-08 08:18:58,195 [INFO] - LiraImportLtd - 🔍 Found 2 unique target links.
2026-03-08 08:18:58,278 [INFO] - LiraImportLtd - 🌍 Visiting URL: https://liraimportltd.com/product-category/skin-care/page/12/
2026-03-08 08:18:58,279 [INFO] - LiraImportLtd - 🗂️ Category/Nav page detected.
2026-03-08 08:18:58,280 [INFO] - LiraImportLtd - 🔍 Found 3 unique target links.
2026-03-08 08:19:33,501 [INFO] - ParserLoader - ✅ Successfully loaded parser for liraimportltd.com
2026-03-08 08:19:33,509 [INFO] - Lira - Loaded 5 unique products from existing CSV.
2026-03-08 08:19:33,513 [INFO] - Lira - Starting scraper for Lira...
2026-03-08 08:19:34,929 [INFO] - LiraImportLtd - 🌍 Visiting URL: https://liraimportltd.com/product-category/makeup/
2026-03-08 08:19:34,930 [INFO] - LiraImportLtd - 🗂️ Category/Nav page detected.
2026-03-08 08:19:34,931 [INFO] - LiraImportLtd - 🔍 Found 2 unique target links.
2026-03-08 08:19:34,951 [INFO] - LiraImportLtd - 🌍 Visiting URL: https://liraimportltd.com/product-category/perfume/
2026-03-08 08:19:34,953 [INFO] - LiraImportLtd - 🗂️ Category/Nav page detected.
2026-03-08 08:19:34,954 [INFO] - LiraImportLtd - 🔍 Found 1 unique target links.
2026-03-08 08:19:34,968 [INFO] - LiraImportLtd - 🌍 Visiting URL: https://liraimportltd.com/product-category/hair-care/
2026-03-08 08:19:34,969 [INFO] - LiraImportLtd - 🗂️ Category/Nav page detected.
2026-03-08 08:19:34,971 [INFO] - LiraImportLtd - 🔍 Found 2 unique target links.
2026-03-08 08:19:34,990 [INFO] - LiraImportLtd - 🌍 Visiting URL: https://liraimportltd.com/product-category/skin-care/
2026-03-08 08:19:34,992 [INFO] - LiraImportLtd - 🗂️ Category/Nav page detected.
2026-03-08 08:19:34,994 [INFO] - LiraImportLtd - 🔍 Found 2 unique target links.
2026-03-08 08:19:35,009 [INFO] - LiraImportLtd - 🌍 Visiting URL: https://liraimportltd.com/product-category/toiletries/
2026-03-08 08:19:35,010 [INFO] - LiraImportLtd - 🗂️ Category/Nav page detected.
2026-03-08 08:19:35,013 [INFO] - LiraImportLtd - 🔍 Found 2 unique target links.
2026-03-08 08:19:36,281 [INFO] - LiraImportLtd - 🌍 Visiting URL: https://liraimportltd.com/product-category/makeup/page/39/
2026-03-08 08:19:36,283 [INFO] - LiraImportLtd - 🗂️ Category/Nav page detected.
2026-03-08 08:19:36,285 [INFO] - LiraImportLtd - 🔍 Found 2 unique target links.
2026-03-08 08:19:36,303 [INFO] - LiraImportLtd - 🌍 Visiting URL: https://liraimportltd.com/product-category/hair-care/page/6/
2026-03-08 08:19:36,304 [INFO] - LiraImportLtd - 🗂️ Category/Nav page detected.
2026-03-08 08:19:36,305 [INFO] - LiraImportLtd - 🔍 Found 2 unique target links.
2026-03-08 08:19:36,322 [INFO] - LiraImportLtd - 🌍 Visiting URL: https://liraimportltd.com/product-category/makeup/page/2/
2026-03-08 08:19:36,323 [INFO] - LiraImportLtd - 🗂️ Category/Nav page detected.
2026-03-08 08:19:36,324 [INFO] - LiraImportLtd - 🔍 Found 3 unique target links.
2026-03-08 08:19:36,336 [INFO] - LiraImportLtd - 🌍 Visiting URL: https://liraimportltd.com/product-category/perfume/page/2/
2026-03-08 08:19:36,337 [INFO] - LiraImportLtd - 🗂️ Category/Nav page detected.
2026-03-08 08:19:36,338 [INFO] - LiraImportLtd - 🔍 Found 1 unique target links.
2026-03-08 08:19:36,400 [INFO] - LiraImportLtd - 🌍 Visiting URL: https://liraimportltd.com/product-category/hair-care/page/2/
2026-03-08 08:19:36,401 [INFO] - LiraImportLtd - 🗂️ Category/Nav page detected.
2026-03-08 08:19:36,403 [INFO] - LiraImportLtd - 🔍 Found 3 unique target links.
2026-03-08 08:19:37,609 [INFO] - LiraImportLtd - 🌍 Visiting URL: https://liraimportltd.com/product-category/toiletries/page/2/
2026-03-08 08:19:37,611 [INFO] - LiraImportLtd - 🗂️ Category/Nav page detected.
2026-03-08 08:19:37,612 [INFO] - LiraImportLtd - 🔍 Found 2 unique target links.
2026-03-08 08:19:37,631 [INFO] - LiraImportLtd - 🌍 Visiting URL: https://liraimportltd.com/product-category/toiletries/page/3/
2026-03-08 08:19:37,633 [INFO] - LiraImportLtd - 🗂️ Category/Nav page detected.
2026-03-08 08:19:37,635 [INFO] - LiraImportLtd - 🔍 Found 2 unique target links.
2026-03-08 08:19:37,650 [INFO] - LiraImportLtd - 🌍 Visiting URL: https://liraimportltd.com/product-category/skin-care/page/13/
2026-03-08 08:19:37,651 [INFO] - LiraImportLtd - 🗂️ Category/Nav page detected.
2026-03-08 08:19:37,652 [INFO] - LiraImportLtd - 🔍 Found 2 unique target links.
2026-03-08 08:19:37,668 [INFO] - LiraImportLtd - 🌍 Visiting URL: https://liraimportltd.com/product-category/skin-care/page/2/
2026-03-08 08:19:37,669 [INFO] - LiraImportLtd - 🗂️ Category/Nav page detected.
2026-03-08 08:19:37,670 [INFO] - LiraImportLtd - 🔍 Found 3 unique target links.
2026-03-08 08:19:37,789 [INFO] - LiraImportLtd - 🌍 Visiting URL: https://liraimportltd.com/product-category/makeup/page/38/
2026-03-08 08:19:37,791 [INFO] - LiraImportLtd - 🗂️ Category/Nav page detected.
2026-03-08 08:19:37,794 [INFO] - LiraImportLtd - 🔍 Found 3 unique target links.
2026-03-08 08:19:38,947 [INFO] - LiraImportLtd - 🌍 Visiting URL: https://liraimportltd.com/product-category/makeup/page/3/
2026-03-08 08:19:38,948 [INFO] - LiraImportLtd - 🗂️ Category/Nav page detected.
2026-03-08 08:19:38,953 [INFO] - LiraImportLtd - 🔍 Found 4 unique target links.
2026-03-08 08:19:38,971 [INFO] - LiraImportLtd - 🌍 Visiting URL: https://liraimportltd.com/product-category/hair-care/page/5/
2026-03-08 08:19:38,972 [INFO] - LiraImportLtd - 🗂️ Category/Nav page detected.
2026-03-08 08:19:38,974 [INFO] - LiraImportLtd - 🔍 Found 3 unique target links.
2026-03-08 08:19:39,220 [INFO] - LiraImportLtd - 🌍 Visiting URL: https://liraimportltd.com/product-category/hair-care/
2026-03-08 08:19:39,221 [INFO] - LiraImportLtd - 🗂️ Category/Nav page detected.
2026-03-08 08:19:39,222 [INFO] - LiraImportLtd - 🔍 Found 2 unique target links.
2026-03-08 08:19:39,289 [INFO] - LiraImportLtd - 🌍 Visiting URL: https://liraimportltd.com/product-category/makeup/
2026-03-08 08:19:39,291 [INFO] - LiraImportLtd - 🗂️ Category/Nav page detected.
2026-03-08 08:19:39,294 [INFO] - LiraImportLtd - 🔍 Found 2 unique target links.
2026-03-08 08:19:39,455 [INFO] - LiraImportLtd - 🌍 Visiting URL: https://liraimportltd.com/product-category/perfume/
2026-03-08 08:19:39,456 [INFO] - LiraImportLtd - 🗂️ Category/Nav page detected.
2026-03-08 08:19:39,458 [INFO] - LiraImportLtd - 🔍 Found 1 unique target links.
2026-03-08 08:19:40,261 [INFO] - LiraImportLtd - 🌍 Visiting URL: https://liraimportltd.com/product-category/hair-care/page/3/
2026-03-08 08:19:40,262 [INFO] - LiraImportLtd - 🗂️ Category/Nav page detected.
2026-03-08 08:19:40,262 [INFO] - LiraImportLtd - 🔍 Found 4 unique target links.
2026-03-08 08:19:40,455 [INFO] - LiraImportLtd - 🌍 Visiting URL: https://liraimportltd.com/product-category/skin-care/page/12/
2026-03-08 08:19:40,458 [INFO] - LiraImportLtd - 🗂️ Category/Nav page detected.
2026-03-08 08:19:40,461 [INFO] - LiraImportLtd - 🔍 Found 3 unique target links.
2026-03-08 08:19:40,553 [INFO] - LiraImportLtd - 🌍 Visiting URL: https://liraimportltd.com/product-category/toiletries/
2026-03-08 08:19:40,554 [INFO] - LiraImportLtd - 🗂️ Category/Nav page detected.
2026-03-08 08:19:40,555 [INFO] - LiraImportLtd - 🔍 Found 2 unique target links.
2026-03-08 08:19:40,681 [INFO] - LiraImportLtd - 🌍 Visiting URL: https://liraimportltd.com/product-category/skin-care/page/3/
2026-03-08 08:19:40,682 [INFO] - LiraImportLtd - 🗂️ Category/Nav page detected.
2026-03-08 08:19:40,683 [INFO] - LiraImportLtd - 🔍 Found 4 unique target links.
2026-03-08 08:19:40,797 [INFO] - LiraImportLtd - 🌍 Visiting URL: https://liraimportltd.com/product-category/skin-care/
2026-03-08 08:19:40,799 [INFO] - LiraImportLtd - 🗂️ Category/Nav page detected.
2026-03-08 08:19:40,803 [INFO] - LiraImportLtd - 🔍 Found 2 unique target links.
2026-03-08 08:19:41,530 [INFO] - LiraImportLtd - 🌍 Visiting URL: https://liraimportltd.com/product-category/makeup/page/37/
2026-03-08 08:19:41,531 [INFO] - LiraImportLtd - 🗂️ Category/Nav page detected.
2026-03-08 08:19:41,532 [INFO] - LiraImportLtd - 🔍 Found 4 unique target links.
2026-03-08 08:19:41,683 [INFO] - LiraImportLtd - 🌍 Visiting URL: https://liraimportltd.com/product-category/makeup/page/4/
2026-03-08 08:19:41,685 [INFO] - LiraImportLtd - 🗂️ Category/Nav page detected.
2026-03-08 08:19:41,690 [INFO] - LiraImportLtd - 🔍 Found 4 unique target links.
2026-03-08 08:19:41,819 [INFO] - LiraImportLtd - 🌍 Visiting URL: https://liraimportltd.com/product-category/hair-care/page/4/
2026-03-08 08:19:41,820 [INFO] - LiraImportLtd - 🗂️ Category/Nav page detected.
2026-03-08 08:19:41,821 [INFO] - LiraImportLtd - 🔍 Found 4 unique target links.
2026-03-08 08:19:41,903 [INFO] - LiraImportLtd - 🌍 Visiting URL: https://liraimportltd.com/product-category/skin-care/page/11/
2026-03-08 08:19:41,904 [INFO] - LiraImportLtd - 🗂️ Category/Nav page detected.
2026-03-08 08:19:41,904 [INFO] - LiraImportLtd - 🔍 Found 4 unique target links.
2026-03-08 08:19:42,023 [INFO] - LiraImportLtd - 🌍 Visiting URL: https://liraimportltd.com/product-category/skin-care/page/4/
2026-03-08 08:19:42,024 [INFO] - LiraImportLtd - 🗂️ Category/Nav page detected.
2026-03-08 08:19:42,025 [INFO] - LiraImportLtd - 🔍 Found 4 unique target links.
2026-03-08 08:19:42,833 [INFO] - LiraImportLtd - 🌍 Visiting URL: https://liraimportltd.com/product-category/makeup/page/36/
2026-03-08 08:19:42,833 [INFO] - LiraImportLtd - 🗂️ Category/Nav page detected.
2026-03-08 08:19:42,834 [INFO] - LiraImportLtd - 🔍 Found 4 unique target links.
2026-03-08 08:19:42,984 [INFO] - LiraImportLtd - 🌍 Visiting URL: https://liraimportltd.com/product-category/makeup/page/5/
2026-03-08 08:19:42,987 [INFO] - LiraImportLtd - 🗂️ Category/Nav page detected.
2026-03-08 08:19:42,992 [INFO] - LiraImportLtd - 🔍 Found 4 unique target links.
2026-03-08 08:19:43,159 [INFO] - LiraImportLtd - 🌍 Visiting URL: https://liraimportltd.com/product-category/skin-care/page/10/
2026-03-08 08:19:43,162 [INFO] - LiraImportLtd - 🗂️ Category/Nav page detected.
2026-03-08 08:19:43,166 [INFO] - LiraImportLtd - 🔍 Found 4 unique target links.
2026-03-08 08:19:43,245 [INFO] - LiraImportLtd - 🌍 Visiting URL: https://liraimportltd.com/product-category/skin-care/page/5/
2026-03-08 08:19:43,247 [INFO] - LiraImportLtd - 🗂️ Category/Nav page detected.
2026-03-08 08:19:43,248 [INFO] - LiraImportLtd - 🔍 Found 4 unique target links.
2026-03-08 08:19:44,100 [INFO] - LiraImportLtd - 🌍 Visiting URL: https://liraimportltd.com/product-category/makeup/page/35/
2026-03-08 08:19:44,101 [INFO] - LiraImportLtd - 🗂️ Category/Nav page detected.
2026-03-08 08:19:44,102 [INFO] - LiraImportLtd - 🔍 Found 4 unique target links.
2026-03-08 08:19:44,216 [INFO] - LiraImportLtd - 🌍 Visiting URL: https://liraimportltd.com/product-category/makeup/page/6/
2026-03-08 08:19:44,217 [INFO] - LiraImportLtd - 🗂️ Category/Nav page detected.
2026-03-08 08:19:44,218 [INFO] - LiraImportLtd - 🔍 Found 4 unique target links.
2026-03-08 08:19:44,389 [INFO] - LiraImportLtd - 🌍 Visiting URL: https://liraimportltd.com/product-category/skin-care/page/9/
2026-03-08 08:19:44,390 [INFO] - LiraImportLtd - 🗂️ Category/Nav page detected.
2026-03-08 08:19:44,391 [INFO] - LiraImportLtd - 🔍 Found 4 unique target links.
2026-03-08 08:19:44,544 [INFO] - LiraImportLtd - 🌍 Visiting URL: https://liraimportltd.com/product-category/skin-care/page/6/
2026-03-08 08:19:44,545 [INFO] - LiraImportLtd - 🗂️ Category/Nav page detected.
2026-03-08 08:19:44,546 [INFO] - LiraImportLtd - 🔍 Found 4 unique target links.
2026-03-08 08:19:45,397 [INFO] - LiraImportLtd - 🌍 Visiting URL: https://liraimportltd.com/product-category/makeup/page/34/
2026-03-08 08:19:45,398 [INFO] - LiraImportLtd - 🗂️ Category/Nav page detected.
2026-03-08 08:19:45,399 [INFO] - LiraImportLtd - 🔍 Found 4 unique target links.
2026-03-08 08:19:45,497 [INFO] - LiraImportLtd - 🌍 Visiting URL: https://liraimportltd.com/product-category/makeup/page/7/
2026-03-08 08:19:45,497 [INFO] - LiraImportLtd - 🗂️ Category/Nav page detected.
2026-03-08 08:19:45,498 [INFO] - LiraImportLtd - 🔍 Found 4 unique target links.
2026-03-08 08:19:45,611 [INFO] - LiraImportLtd - 🌍 Visiting URL: https://liraimportltd.com/product-category/skin-care/page/8/
2026-03-08 08:19:45,612 [INFO] - LiraImportLtd - 🗂️ Category/Nav page detected.
2026-03-08 08:19:45,613 [INFO] - LiraImportLtd - 🔍 Found 4 unique target links.
2026-03-08 08:19:45,764 [INFO] - LiraImportLtd - 🌍 Visiting URL: https://liraimportltd.com/product-category/skin-care/page/7/
2026-03-08 08:19:45,766 [INFO] - LiraImportLtd - 🗂️ Category/Nav page detected.
2026-03-08 08:19:45,767 [INFO] - LiraImportLtd - 🔍 Found 4 unique target links.
2026-03-08 08:19:46,676 [INFO] - LiraImportLtd - 🌍 Visiting URL: https://liraimportltd.com/product-category/makeup/page/33/
2026-03-08 08:19:46,677 [INFO] - LiraImportLtd - 🗂️ Category/Nav page detected.
2026-03-08 08:19:46,678 [INFO] - LiraImportLtd - 🔍 Found 4 unique target links.
2026-03-08 08:19:46,774 [INFO] - LiraImportLtd - 🌍 Visiting URL: https://liraimportltd.com/product-category/makeup/page/8/
2026-03-08 08:19:46,775 [INFO] - LiraImportLtd - 🗂️ Category/Nav page detected.
2026-03-08 08:19:46,776 [INFO] - LiraImportLtd - 🔍 Found 4 unique target links.
2026-03-08 08:19:47,943 [INFO] - LiraImportLtd - 🌍 Visiting URL: https://liraimportltd.com/product-category/makeup/page/32/
2026-03-08 08:19:47,944 [INFO] - LiraImportLtd - 🗂️ Category/Nav page detected.
2026-03-08 08:19:47,945 [INFO] - LiraImportLtd - 🔍 Found 4 unique target links.
2026-03-08 08:19:48,045 [INFO] - LiraImportLtd - 🌍 Visiting URL: https://liraimportltd.com/product-category/makeup/page/9/
2026-03-08 08:19:48,046 [INFO] - LiraImportLtd - 🗂️ Category/Nav page detected.
2026-03-08 08:19:48,046 [INFO] - LiraImportLtd - 🔍 Found 4 unique target links.
2026-03-08 08:19:49,220 [INFO] - LiraImportLtd - 🌍 Visiting URL: https://liraimportltd.com/product-category/makeup/page/31/
2026-03-08 08:19:49,222 [INFO] - LiraImportLtd - 🗂️ Category/Nav page detected.
2026-03-08 08:19:49,229 [INFO] - LiraImportLtd - 🔍 Found 4 unique target links.
2026-03-08 08:19:49,313 [INFO] - LiraImportLtd - 🌍 Visiting URL: https://liraimportltd.com/product-category/makeup/page/10/
2026-03-08 08:19:49,314 [INFO] - LiraImportLtd - 🗂️ Category/Nav page detected.
2026-03-08 08:19:49,316 [INFO] - LiraImportLtd - 🔍 Found 4 unique target links.
2026-03-08 08:19:50,501 [INFO] - LiraImportLtd - 🌍 Visiting URL: https://liraimportltd.com/product-category/makeup/page/30/
2026-03-08 08:19:50,502 [INFO] - LiraImportLtd - 🗂️ Category/Nav page detected.
2026-03-08 08:19:50,503 [INFO] - LiraImportLtd - 🔍 Found 4 unique target links.
2026-03-08 08:19:50,606 [INFO] - LiraImportLtd - 🌍 Visiting URL: https://liraimportltd.com/product-category/makeup/page/11/
2026-03-08 08:19:50,607 [INFO] - LiraImportLtd - 🗂️ Category/Nav page detected.
2026-03-08 08:19:50,608 [INFO] - LiraImportLtd - 🔍 Found 4 unique target links.
2026-03-08 08:19:51,772 [INFO] - LiraImportLtd - 🌍 Visiting URL: https://liraimportltd.com/product-category/makeup/page/29/
2026-03-08 08:19:51,773 [INFO] - LiraImportLtd - 🗂️ Category/Nav page detected.
2026-03-08 08:19:51,774 [INFO] - LiraImportLtd - 🔍 Found 4 unique target links.
2026-03-08 08:19:52,234 [INFO] - LiraImportLtd - 🌍 Visiting URL: https://liraimportltd.com/product-category/makeup/page/12/
2026-03-08 08:19:52,236 [INFO] - LiraImportLtd - 🗂️ Category/Nav page detected.
2026-03-08 08:19:52,236 [INFO] - LiraImportLtd - 🔍 Found 4 unique target links.
2026-03-08 08:19:53,057 [INFO] - LiraImportLtd - 🌍 Visiting URL: https://liraimportltd.com/product-category/makeup/page/28/
2026-03-08 08:19:53,058 [INFO] - LiraImportLtd - 🗂️ Category/Nav page detected.
2026-03-08 08:19:53,059 [INFO] - LiraImportLtd - 🔍 Found 4 unique target links.
2026-03-08 08:19:53,459 [INFO] - LiraImportLtd - 🌍 Visiting URL: https://liraimportltd.com/product-category/makeup/page/13/
2026-03-08 08:19:53,461 [INFO] - LiraImportLtd - 🗂️ Category/Nav page detected.
2026-03-08 08:19:53,464 [INFO] - LiraImportLtd - 🔍 Found 4 unique target links.
2026-03-08 08:19:54,335 [INFO] - LiraImportLtd - 🌍 Visiting URL: https://liraimportltd.com/product-category/makeup/page/27/
2026-03-08 08:19:54,336 [INFO] - LiraImportLtd - 🗂️ Category/Nav page detected.
2026-03-08 08:19:54,337 [INFO] - LiraImportLtd - 🔍 Found 4 unique target links.
2026-03-08 08:19:54,692 [INFO] - LiraImportLtd - 🌍 Visiting URL: https://liraimportltd.com/product-category/makeup/page/14/
2026-03-08 08:19:54,694 [INFO] - LiraImportLtd - 🗂️ Category/Nav page detected.
2026-03-08 08:19:54,697 [INFO] - LiraImportLtd - 🔍 Found 4 unique target links.
2026-03-08 08:19:55,608 [INFO] - LiraImportLtd - 🌍 Visiting URL: https://liraimportltd.com/product-category/makeup/page/26/
2026-03-08 08:19:55,613 [INFO] - LiraImportLtd - 🗂️ Category/Nav page detected.
2026-03-08 08:19:55,616 [INFO] - LiraImportLtd - 🔍 Found 4 unique target links.
2026-03-08 08:19:55,922 [INFO] - LiraImportLtd - 🌍 Visiting URL: https://liraimportltd.com/product-category/makeup/page/15/
2026-03-08 08:19:55,923 [INFO] - LiraImportLtd - 🗂️ Category/Nav page detected.
2026-03-08 08:19:55,924 [INFO] - LiraImportLtd - 🔍 Found 4 unique target links.
2026-03-08 08:19:56,885 [INFO] - LiraImportLtd - 🌍 Visiting URL: https://liraimportltd.com/product-category/makeup/page/25/
2026-03-08 08:19:56,886 [INFO] - LiraImportLtd - 🗂️ Category/Nav page detected.
2026-03-08 08:19:56,886 [INFO] - LiraImportLtd - 🔍 Found 4 unique target links.
2026-03-08 08:19:57,140 [INFO] - LiraImportLtd - 🌍 Visiting URL: https://liraimportltd.com/product-category/makeup/page/16/
2026-03-08 08:19:57,141 [INFO] - LiraImportLtd - 🗂️ Category/Nav page detected.
2026-03-08 08:19:57,142 [INFO] - LiraImportLtd - 🔍 Found 4 unique target links.
2026-03-08 08:19:58,155 [INFO] - LiraImportLtd - 🌍 Visiting URL: https://liraimportltd.com/product-category/makeup/page/24/
2026-03-08 08:19:58,159 [INFO] - LiraImportLtd - 🗂️ Category/Nav page detected.
2026-03-08 08:19:58,162 [INFO] - LiraImportLtd - 🔍 Found 4 unique target links.
2026-03-08 08:19:58,364 [INFO] - LiraImportLtd - 🌍 Visiting URL: https://liraimportltd.com/product-category/makeup/page/17/
2026-03-08 08:19:58,366 [INFO] - LiraImportLtd - 🗂️ Category/Nav page detected.
2026-03-08 08:19:58,368 [INFO] - LiraImportLtd - 🔍 Found 4 unique target links.
2026-03-08 08:19:59,431 [INFO] - LiraImportLtd - 🌍 Visiting URL: https://liraimportltd.com/product-category/makeup/page/23/
2026-03-08 08:19:59,432 [INFO] - LiraImportLtd - 🗂️ Category/Nav page detected.
2026-03-08 08:19:59,433 [INFO] - LiraImportLtd - 🔍 Found 4 unique target links.
2026-03-08 08:19:59,585 [INFO] - LiraImportLtd - 🌍 Visiting URL: https://liraimportltd.com/product-category/makeup/page/18/
2026-03-08 08:19:59,586 [INFO] - LiraImportLtd - 🗂️ Category/Nav page detected.
2026-03-08 08:19:59,590 [INFO] - LiraImportLtd - 🔍 Found 4 unique target links.
2026-03-08 08:20:00,706 [INFO] - LiraImportLtd - 🌍 Visiting URL: https://liraimportltd.com/product-category/makeup/page/22/
2026-03-08 08:20:00,707 [INFO] - LiraImportLtd - 🗂️ Category/Nav page detected.
2026-03-08 08:20:00,707 [INFO] - LiraImportLtd - 🔍 Found 4 unique target links.
2026-03-08 08:20:00,770 [INFO] - LiraImportLtd - 🌍 Visiting URL: https://liraimportltd.com/product-category/makeup/page/19/
2026-03-08 08:20:00,772 [INFO] - LiraImportLtd - 🗂️ Category/Nav page detected.
2026-03-08 08:20:00,774 [INFO] - LiraImportLtd - 🔍 Found 4 unique target links.
2026-03-08 08:20:01,976 [INFO] - LiraImportLtd - 🌍 Visiting URL: https://liraimportltd.com/product-category/makeup/page/21/
2026-03-08 08:20:01,977 [INFO] - LiraImportLtd - 🗂️ Category/Nav page detected.
2026-03-08 08:20:01,978 [INFO] - LiraImportLtd - 🔍 Found 4 unique target links.
2026-03-08 08:20:02,149 [INFO] - LiraImportLtd - 🌍 Visiting URL: https://liraimportltd.com/product-category/makeup/page/20/
2026-03-08 08:20:02,149 [INFO] - LiraImportLtd - 🗂️ Category/Nav page detected.
2026-03-08 08:20:02,151 [INFO] - LiraImportLtd - 🔍 Found 4 unique target links.
2026-03-08 08:20:02,162 [INFO] - Lira - Scraper finished successfully.
2026-03-08 08:22:50,001 [INFO] - ParserLoader - ✅ Successfully loaded parser for liraimportltd.com
2026-03-08 08:22:50,013 [INFO] - Lira - Loaded 5 unique products from existing CSV.
2026-03-08 08:22:50,018 [INFO] - Lira - Starting scraper for Lira...
2026-03-08 08:22:51,496 [INFO] - LiraImportLtd - 🌍 Visiting URL: https://liraimportltd.com/product/megalast-liquid-catsuit-lipstick-give-me-mocha/
2026-03-08 08:22:51,496 [INFO] - LiraImportLtd - 🛒 Product page detected! Extracting data...
2026-03-08 08:22:51,502 [INFO] - LiraImportLtd - 🔍 Found 0 unique target links.
2026-03-08 08:22:51,506 [INFO] - Lira - [1 New] Saved: Megalast Liquid Catsuit Lipstick (Give Me Mocha)
2026-03-08 08:22:51,515 [INFO] - Lira - Scraper finished successfully.
2026-03-08 08:23:07,642 [INFO] - ParserLoader - ✅ Successfully loaded parser for liraimportltd.com
2026-03-08 08:23:07,659 [INFO] - Lira - Loaded 6 unique products from existing CSV.
2026-03-08 08:23:07,663 [INFO] - Lira - Starting scraper for Lira...
2026-03-08 08:23:09,159 [INFO] - LiraImportLtd - 🌍 Visiting URL: https://liraimportltd.com/product/megalast-liquid-catsuit-lipstick-give-me-mocha/
2026-03-08 08:23:09,159 [INFO] - LiraImportLtd - 🛒 Product page detected! Extracting data...
2026-03-08 08:23:09,165 [INFO] - LiraImportLtd - 🔍 Found 0 unique target links.
2026-03-08 08:23:09,182 [INFO] - Lira - Scraper finished successfully.
2026-03-08 08:23:41,644 [INFO] - ParserLoader - ✅ Successfully loaded parser for liraimportltd.com
2026-03-08 08:23:41,655 [INFO] - Lira - Loaded 6 unique products from existing CSV.
2026-03-08 08:23:41,659 [INFO] - Lira - Starting scraper for Lira...
2026-03-08 08:23:43,086 [INFO] - LiraImportLtd - 🌍 Visiting URL: https://liraimportltd.com/product/megalast-liquid-catsuit-lipstick-give-me-mocha/
2026-03-08 08:23:43,086 [INFO] - LiraImportLtd - 🛒 Product page detected! Extracting data...
2026-03-08 08:23:43,090 [INFO] - LiraImportLtd - 🔍 Found 0 unique target links.
2026-03-08 08:23:43,118 [INFO] - Lira - Scraper finished successfully.
2026-03-08 09:13:17,897 [INFO] - ParserLoader - ✅ Successfully loaded parser for liraimportltd.com
2026-03-08 09:13:17,907 [INFO] - Lira - Loaded 1 unique products from existing CSV.
2026-03-08 09:13:17,911 [INFO] - Lira - Starting scraper for Lira...
2026-03-08 09:13:19,358 [INFO] - LiraImportLtd - 🌍 Visiting URL: https://liraimportltd.com/product/megalast-liquid-catsuit-lipstick-give-me-mocha/
2026-03-08 09:13:19,359 [INFO] - LiraImportLtd - 🛒 Product page detected! Extracting data...
2026-03-08 09:13:19,362 [INFO] - LiraImportLtd - 🔍 Found 0 unique target links.
2026-03-08 09:13:19,363 [INFO] - Lira - ♻️ Update: Megalast Liquid Catsuit Lipstick (Give Me Mocha)
2026-03-08 09:13:19,369 [INFO] - Lira - Scraper finished successfully.
2026-03-08 09:33:22,334 [INFO] - ParserLoader - ✅ Successfully loaded parser for liraimportltd.com
2026-03-08 09:33:22,349 [INFO] - Lira - Starting scraper for Lira...
2026-03-08 09:33:23,780 [INFO] - LiraImportLtd - 🌍 Visiting URL: https://liraimportltd.com/product/megalast-liquid-catsuit-lipstick-give-me-mocha/
2026-03-08 09:33:23,781 [INFO] - LiraImportLtd - 🛒 Product page detected! Extracting data...
2026-03-08 09:33:23,805 [INFO] - Lira - Scraper finished successfully.
2026-03-08 10:18:37,509 [INFO] - ParserLoader - ✅ Successfully loaded parser for liraimportltd.com
2026-03-08 10:18:37,521 [INFO] - Lira - Loaded 0 unique products from existing CSV.
2026-03-08 10:18:37,524 [INFO] - Lira - Starting scraper for Lira...
2026-03-08 10:18:39,048 [INFO] - LiraImportLtd - 🌍 Visiting URL: https://liraimportltd.com/product/megalast-liquid-catsuit-lipstick-give-me-mocha/
2026-03-08 10:18:39,049 [INFO] - LiraImportLtd - 🛒 Product page detected! Extracting data...
2026-03-08 10:18:39,052 [INFO] - LiraImportLtd - 🔍 Found 0 unique target links.
2026-03-08 10:18:39,054 [INFO] - Lira - [1 New] Saved: Megalast Liquid Catsuit Lipstick (Give Me Mocha)
2026-03-08 10:18:39,066 [INFO] - Lira - Scraper finished successfully.
2026-03-09 06:35:26,807 [INFO] - ParserLoader - ✅ Successfully loaded parser for liraimportltd.com
2026-03-09 06:35:26,827 [INFO] - Lira - Loaded 1 unique products from existing CSV.
2026-03-09 06:35:26,830 [ERROR] - Lira - Fatal error!
Traceback (most recent call last):
  File "/app/src/main.py", line 167, in <module>
    asyncio.run(run())
    ~~~~~~~~~~~^^^^^^^
  File "/usr/local/lib/python3.13/asyncio/runners.py", line 195, in run
    return runner.run(main)
           ~~~~~~~~~~^^^^^^
  File "/usr/local/lib/python3.13/asyncio/runners.py", line 118, in run
    return self._loop.run_until_complete(task)
           ~~~~~~~~~~~~~~~~~~~~~~~~~~~~~^^^^^^
  File "/usr/local/lib/python3.13/asyncio/base_events.py", line 725, in run_until_complete
    return future.result()
           ~~~~~~~~~~~~~^^
  File "/app/src/main.py", line 100, in run
    with open(csv_path, mode="a", newline="", encoding="utf-8") as f:
         ~~~~^^^^^^^^^^^^^^^^^^^^^^^^^^^^^^^^^^^^^^^^^^^^^^^^^^
PermissionError: [Errno 13] Permission denied: '/app/data/csvs/Lira_products.csv'
2026-03-09 06:35:27,807 [INFO] - ParserLoader - ✅ Successfully loaded parser for liraimportltd.com
2026-03-09 06:35:27,816 [INFO] - Lira - Loaded 1 unique products from existing CSV.
2026-03-09 06:35:27,818 [ERROR] - Lira - Fatal error!
Traceback (most recent call last):
  File "/app/src/main.py", line 167, in <module>
    asyncio.run(run())
    ~~~~~~~~~~~^^^^^^^
  File "/usr/local/lib/python3.13/asyncio/runners.py", line 195, in run
    return runner.run(main)
           ~~~~~~~~~~^^^^^^
  File "/usr/local/lib/python3.13/asyncio/runners.py", line 118, in run
    return self._loop.run_until_complete(task)
           ~~~~~~~~~~~~~~~~~~~~~~~~~~~~~^^^^^^
  File "/usr/local/lib/python3.13/asyncio/base_events.py", line 725, in run_until_complete
    return future.result()
           ~~~~~~~~~~~~~^^
  File "/app/src/main.py", line 100, in run
    with open(csv_path, mode="a", newline="", encoding="utf-8") as f:
         ~~~~^^^^^^^^^^^^^^^^^^^^^^^^^^^^^^^^^^^^^^^^^^^^^^^^^^
PermissionError: [Errno 13] Permission denied: '/app/data/csvs/Lira_products.csv'
2026-03-09 06:35:28,816 [INFO] - ParserLoader - ✅ Successfully loaded parser for liraimportltd.com
2026-03-09 06:35:28,824 [INFO] - Lira - Loaded 1 unique products from existing CSV.
2026-03-09 06:35:29,175 [ERROR] - Lira - Fatal error!
Traceback (most recent call last):
  File "/app/src/main.py", line 167, in <module>
    asyncio.run(run())
    ~~~~~~~~~~~^^^^^^^
  File "/usr/local/lib/python3.13/asyncio/runners.py", line 195, in run
    return runner.run(main)
           ~~~~~~~~~~^^^^^^
  File "/usr/local/lib/python3.13/asyncio/runners.py", line 118, in run
    return self._loop.run_until_complete(task)
           ~~~~~~~~~~~~~~~~~~~~~~~~~~~~~^^^^^^
  File "/usr/local/lib/python3.13/asyncio/base_events.py", line 725, in run_until_complete
    return future.result()
           ~~~~~~~~~~~~~^^
  File "/app/src/main.py", line 100, in run
    with open(csv_path, mode="a", newline="", encoding="utf-8") as f:
         ~~~~^^^^^^^^^^^^^^^^^^^^^^^^^^^^^^^^^^^^^^^^^^^^^^^^^^
PermissionError: [Errno 13] Permission denied: '/app/data/csvs/Lira_products.csv'
2026-03-09 06:35:30,528 [INFO] - ParserLoader - ✅ Successfully loaded parser for liraimportltd.com
2026-03-09 06:35:30,539 [INFO] - Lira - Loaded 1 unique products from existing CSV.
2026-03-09 06:35:30,542 [ERROR] - Lira - Fatal error!
Traceback (most recent call last):
  File "/app/src/main.py", line 167, in <module>
    asyncio.run(run())
    ~~~~~~~~~~~^^^^^^^
  File "/usr/local/lib/python3.13/asyncio/runners.py", line 195, in run
    return runner.run(main)
           ~~~~~~~~~~^^^^^^
  File "/usr/local/lib/python3.13/asyncio/runners.py", line 118, in run
    return self._loop.run_until_complete(task)
           ~~~~~~~~~~~~~~~~~~~~~~~~~~~~~^^^^^^
  File "/usr/local/lib/python3.13/asyncio/base_events.py", line 725, in run_until_complete
    return future.result()
           ~~~~~~~~~~~~~^^
  File "/app/src/main.py", line 100, in run
    with open(csv_path, mode="a", newline="", encoding="utf-8") as f:
         ~~~~^^^^^^^^^^^^^^^^^^^^^^^^^^^^^^^^^^^^^^^^^^^^^^^^^^
PermissionError: [Errno 13] Permission denied: '/app/data/csvs/Lira_products.csv'
2026-03-09 06:35:32,280 [INFO] - ParserLoader - ✅ Successfully loaded parser for liraimportltd.com
2026-03-09 06:35:32,286 [INFO] - Lira - Loaded 1 unique products from existing CSV.
2026-03-09 06:35:32,290 [INFO] - Lira - Starting scraper for Lira...
2026-03-09 06:35:34,221 [INFO] - LiraImportLtd - 🌍 Visiting URL: https://liraimportltd.com/product/aarla-milano-velvetude-lumineux-lip-color-terracozy/
2026-03-09 06:35:34,222 [INFO] - LiraImportLtd - 🛒 Product page detected! Extracting data...
2026-03-09 06:35:34,225 [INFO] - LiraImportLtd - 🔍 Found 0 unique target links.
2026-03-09 06:35:34,227 [INFO] - Lira - [1 New] Saved: Aarla Milano Velvetude Lumineux Lip Color (Terracozy)
2026-03-09 06:35:34,548 [INFO] - LiraImportLtd - 🌍 Visiting URL: https://liraimportltd.com/product/megalast-liquid-catsuit-lipstick-give-me-mocha/
2026-03-09 06:35:34,549 [INFO] - LiraImportLtd - 🛒 Product page detected! Extracting data...
2026-03-09 06:35:34,552 [INFO] - LiraImportLtd - 🔍 Found 0 unique target links.
2026-03-09 06:35:34,554 [INFO] - Lira - ♻️ Update: Megalast Liquid Catsuit Lipstick (Give Me Mocha)
2026-03-09 06:35:34,568 [INFO] - Lira - Scraper finished successfully.
2026-03-09 06:35:49,589 [INFO] - ParserLoader - ✅ Successfully loaded parser for liraimportltd.com
2026-03-09 06:35:49,606 [INFO] - Lira - Loaded 2 unique products from existing CSV.
2026-03-09 06:35:49,610 [INFO] - Lira - Starting scraper for Lira...
2026-03-09 06:35:51,138 [INFO] - LiraImportLtd - 🌍 Visiting URL: https://liraimportltd.com/product/aarla-milano-velvetude-lumineux-lip-color-terracozy/
2026-03-09 06:35:51,138 [INFO] - LiraImportLtd - 🛒 Product page detected! Extracting data...
2026-03-09 06:35:51,142 [INFO] - LiraImportLtd - 🔍 Found 0 unique target links.
2026-03-09 06:35:51,353 [INFO] - LiraImportLtd - 🌍 Visiting URL: https://liraimportltd.com/product/megalast-liquid-catsuit-lipstick-give-me-mocha/
2026-03-09 06:35:51,353 [INFO] - LiraImportLtd - 🛒 Product page detected! Extracting data...
2026-03-09 06:35:51,356 [INFO] - LiraImportLtd - 🔍 Found 0 unique target links.
2026-03-09 06:35:51,365 [INFO] - Lira - Scraper finished successfully.
2026-03-09 06:42:27,315 [INFO] - ParserLoader - ✅ Successfully loaded parser for liraimportltd.com
2026-03-09 06:42:27,323 [INFO] - Lira - Starting scraper for Lira...
2026-03-09 06:42:29,237 [INFO] - LiraImportLtd - 🌍 Visiting URL: https://liraimportltd.com/product/aarla-milano-velvetude-lumineux-lip-color-terracozy/
2026-03-09 06:42:29,237 [INFO] - LiraImportLtd - 🛒 Product page detected! Extracting data...
2026-03-09 06:42:29,241 [INFO] - LiraImportLtd - 🔍 Found 0 unique target links.
2026-03-09 06:42:29,244 [INFO] - Lira - [1 New] Saved: Aarla Milano Velvetude Lumineux Lip Color (Terracozy)
2026-03-09 06:42:29,644 [INFO] - LiraImportLtd - 🌍 Visiting URL: https://liraimportltd.com/product/megalast-liquid-catsuit-lipstick-give-me-mocha/
2026-03-09 06:42:29,645 [INFO] - LiraImportLtd - 🛒 Product page detected! Extracting data...
2026-03-09 06:42:29,648 [INFO] - LiraImportLtd - 🔍 Found 0 unique target links.
2026-03-09 06:42:29,650 [INFO] - Lira - [2 New] Saved: Megalast Liquid Catsuit Lipstick (Give Me Mocha)
2026-03-09 06:42:29,685 [INFO] - Lira - Scraper finished successfully.
2026-03-09 06:52:06,319 [INFO] - ParserLoader - ✅ Successfully loaded parser for liraimportltd.com
2026-03-09 06:52:06,334 [INFO] - Lira - Starting scraper for Lira...
2026-03-09 06:52:08,016 [INFO] - LiraImportLtd - 🌍 Visiting URL: https://liraimportltd.com/product-category/toiletries/
2026-03-09 06:52:08,017 [INFO] - LiraImportLtd - 🛒 Product page detected! Extracting data...
2026-03-09 06:52:08,030 [INFO] - Lira - [1 New] Saved: 
2026-03-09 06:52:08,043 [INFO] - Lira - Scraper finished successfully.
2026-03-09 07:00:27,353 [INFO] - ParserLoader - ✅ Successfully loaded parser for liraimportltd.com
2026-03-09 07:00:27,362 [INFO] - Lira - Starting scraper for Lira...
2026-03-09 07:00:29,290 [INFO] - LiraImportLtd - 🌍 Visiting URL: https://liraimportltd.com/product-category/toiletries/
2026-03-09 07:00:29,290 [INFO] - LiraImportLtd - 🛒 Product page detected! Extracting data...
2026-03-09 07:00:29,296 [INFO] - LiraImportLtd - 🔍 Found 22 unique target links.
2026-03-09 07:00:29,302 [INFO] - Lira - [1 New] Saved: 
2026-03-09 07:00:30,562 [INFO] - LiraImportLtd - 🌍 Visiting URL: https://liraimportltd.com/wp-content/uploads/2025/10/Ench_NewPKSHT_1000x1000_BL_Char_250ml_FOP_3d344032-345c-4f9a-9460-f950e7f05459-1-300x300.webp
2026-03-09 07:00:30,563 [INFO] - LiraImportLtd - 🗂️ Category/Nav page detected.
2026-03-09 07:00:30,563 [INFO] - LiraImportLtd - 🔍 Found 0 unique target links.
2026-03-09 07:00:30,571 [INFO] - LiraImportLtd - 🌍 Visiting URL: https://liraimportltd.com/wp-content/uploads/2025/11/vaseline-gluta-hya-flawless-glow-serum-in-lotion-200ml-2-300x300.jpg
2026-03-09 07:00:30,572 [INFO] - LiraImportLtd - 🗂️ Category/Nav page detected.
2026-03-09 07:00:30,572 [INFO] - LiraImportLtd - 🔍 Found 0 unique target links.
2026-03-09 07:00:30,912 [INFO] - LiraImportLtd - 🌍 Visiting URL: https://liraimportltd.com/wp-content/uploads/2025/10/Neutral-Minimalist-Canvas-Wall-Art-Frame-Instagram-Post-1-300x300.jpg
2026-03-09 07:00:30,913 [INFO] - LiraImportLtd - 🗂️ Category/Nav page detected.
2026-03-09 07:00:30,913 [INFO] - LiraImportLtd - 🔍 Found 0 unique target links.
2026-03-09 07:00:31,074 [INFO] - LiraImportLtd - 🌍 Visiting URL: https://liraimportltd.com/wp-content/uploads/2025/10/WhatsApp-Image-2025-10-16-at-2.36.33-PM-300x300.jpeg
2026-03-09 07:00:31,075 [INFO] - LiraImportLtd - 🗂️ Category/Nav page detected.
2026-03-09 07:00:31,075 [INFO] - LiraImportLtd - 🔍 Found 0 unique target links.
2026-03-09 07:00:31,506 [INFO] - LiraImportLtd - 🌍 Visiting URL: https://liraimportltd.com/product-category/toiletries/page/2/
2026-03-09 07:00:31,506 [INFO] - LiraImportLtd - 🛒 Product page detected! Extracting data...
2026-03-09 07:00:31,510 [INFO] - LiraImportLtd - 🔍 Found 22 unique target links.
2026-03-09 07:00:31,515 [INFO] - Lira - [2 New] Saved: 
2026-03-09 07:00:31,737 [INFO] - LiraImportLtd - 🌍 Visiting URL: https://liraimportltd.com/wp-content/uploads/2025/12/normal-dHbXxKegArsc9z2bg5SShLAJDdCoAa-300x300.jpg
2026-03-09 07:00:31,738 [INFO] - LiraImportLtd - 🗂️ Category/Nav page detected.
2026-03-09 07:00:31,738 [INFO] - LiraImportLtd - 🔍 Found 0 unique target links.
2026-03-09 07:00:31,740 [INFO] - LiraImportLtd - 🌍 Visiting URL: https://liraimportltd.com/wp-content/uploads/2025/10/1732706729761-300x300.webp
2026-03-09 07:00:31,741 [INFO] - LiraImportLtd - 🗂️ Category/Nav page detected.
2026-03-09 07:00:31,741 [INFO] - LiraImportLtd - 🔍 Found 0 unique target links.
2026-03-09 07:00:32,065 [INFO] - LiraImportLtd - 🌍 Visiting URL: https://liraimportltd.com/wp-content/uploads/2025/10/WhatsApp-Image-2025-10-18-at-5.11.38-PM-300x300.jpeg
2026-03-09 07:00:32,066 [INFO] - LiraImportLtd - 🗂️ Category/Nav page detected.
2026-03-09 07:00:32,066 [INFO] - LiraImportLtd - 🔍 Found 0 unique target links.
2026-03-09 07:00:32,230 [INFO] - LiraImportLtd - 🌍 Visiting URL: https://liraimportltd.com/wp-content/uploads/2025/10/1283838_international-germany-product-nivea-sensual-musk-body-lotion-normal-to-dry-skin-400ml-300x300.jpeg
2026-03-09 07:00:32,231 [INFO] - LiraImportLtd - 🛒 Product page detected! Extracting data...
2026-03-09 07:00:32,232 [INFO] - LiraImportLtd - 🔍 Found 0 unique target links.
2026-03-09 07:00:32,232 [INFO] - Lira - [3 New] Saved: 
2026-03-09 07:00:32,669 [INFO] - LiraImportLtd - 🌍 Visiting URL: https://liraimportltd.com/wp-content/uploads/2025/12/Beige-Modern-Trendy-New-Exhibition-of-Art-Flyer-2-300x300.jpg
2026-03-09 07:00:32,670 [INFO] - LiraImportLtd - 🗂️ Category/Nav page detected.
2026-03-09 07:00:32,670 [INFO] - LiraImportLtd - 🔍 Found 0 unique target links.
2026-03-09 07:00:32,903 [INFO] - LiraImportLtd - 🌍 Visiting URL: https://liraimportltd.com/wp-content/uploads/2025/12/Beige-Modern-Trendy-New-Exhibition-of-Art-Flyer-300x300.jpg
2026-03-09 07:00:32,903 [INFO] - LiraImportLtd - 🗂️ Category/Nav page detected.
2026-03-09 07:00:32,903 [INFO] - LiraImportLtd - 🔍 Found 0 unique target links.
2026-03-09 07:00:32,905 [INFO] - LiraImportLtd - 🌍 Visiting URL: https://liraimportltd.com/wp-content/uploads/2025/10/Ench_NewPKSHT_1000x1000_BL_Rom_250ml_FOP_aa199d39-c948-4880-98e8-bfef833e3785-300x300.webp
2026-03-09 07:00:32,905 [INFO] - LiraImportLtd - 🗂️ Category/Nav page detected.
2026-03-09 07:00:32,906 [INFO] - LiraImportLtd - 🔍 Found 0 unique target links.
2026-03-09 07:00:33,237 [INFO] - LiraImportLtd - 🌍 Visiting URL: https://liraimportltd.com/wp-content/uploads/2025/10/631fcbcc788e4175b26d07af412d58ce-web_1010x1180_transparent_png-300x300.webp
2026-03-09 07:00:33,237 [INFO] - LiraImportLtd - 🗂️ Category/Nav page detected.
2026-03-09 07:00:33,238 [INFO] - LiraImportLtd - 🔍 Found 0 unique target links.
2026-03-09 07:00:33,390 [INFO] - LiraImportLtd - 🌍 Visiting URL: https://liraimportltd.com/wp-content/uploads/2025/12/Beige-Modern-Trendy-New-Exhibition-of-Art-Flyer-3-300x300.jpg
2026-03-09 07:00:33,390 [INFO] - LiraImportLtd - 🗂️ Category/Nav page detected.
2026-03-09 07:00:33,390 [INFO] - LiraImportLtd - 🔍 Found 0 unique target links.
2026-03-09 07:00:34,116 [INFO] - LiraImportLtd - 🌍 Visiting URL: https://liraimportltd.com/wp-content/uploads/2025/10/enchanteur-perfumed-body-lotion-alluring-satin-smooth-250-ml-300x300.jpeg
2026-03-09 07:00:34,116 [INFO] - LiraImportLtd - 🗂️ Category/Nav page detected.
2026-03-09 07:00:34,117 [INFO] - LiraImportLtd - 🔍 Found 0 unique target links.
2026-03-09 07:00:34,123 [INFO] - LiraImportLtd - 🌍 Visiting URL: https://liraimportltd.com/wp-content/uploads/2025/10/IMG_4373-300x300.jpg
2026-03-09 07:00:34,123 [INFO] - LiraImportLtd - 🗂️ Category/Nav page detected.
2026-03-09 07:00:34,123 [INFO] - LiraImportLtd - 🔍 Found 0 unique target links.
2026-03-09 07:00:34,343 [INFO] - LiraImportLtd - 🌍 Visiting URL: https://liraimportltd.com/wp-content/uploads/2025/10/Neutral-Minimalist-Canvas-Wall-Art-Frame-Instagram-Post-2-300x300.jpg
2026-03-09 07:00:34,344 [INFO] - LiraImportLtd - 🗂️ Category/Nav page detected.
2026-03-09 07:00:34,344 [INFO] - LiraImportLtd - 🔍 Found 0 unique target links.
2026-03-09 07:00:34,550 [INFO] - LiraImportLtd - 🌍 Visiting URL: https://liraimportltd.com/wp-content/uploads/2025/10/enchanteur-perfumed-body-lotion-enticing-satin-smooth-250-ml-300x300.jpeg
2026-03-09 07:00:34,551 [INFO] - LiraImportLtd - 🗂️ Category/Nav page detected.
2026-03-09 07:00:34,551 [INFO] - LiraImportLtd - 🔍 Found 0 unique target links.
2026-03-09 07:00:34,687 [INFO] - LiraImportLtd - 🌍 Visiting URL: https://liraimportltd.com/wp-content/uploads/2025/10/Nivea-Natural-Glow-Body-Lotion-400ml-300x300.jpg
2026-03-09 07:00:34,687 [INFO] - LiraImportLtd - 🗂️ Category/Nav page detected.
2026-03-09 07:00:34,688 [INFO] - LiraImportLtd - 🔍 Found 0 unique target links.
2026-03-09 07:00:35,283 [INFO] - LiraImportLtd - 🌍 Visiting URL: https://liraimportltd.com/wp-content/uploads/2025/10/Ench_NewPKSHT_1000x1000_BL_Char_250ml_FOP_3d344032-345c-4f9a-9460-f950e7f05459-300x300.webp
2026-03-09 07:00:35,283 [INFO] - LiraImportLtd - 🗂️ Category/Nav page detected.
2026-03-09 07:00:35,284 [INFO] - LiraImportLtd - 🔍 Found 0 unique target links.
2026-03-09 07:00:35,500 [INFO] - LiraImportLtd - 🌍 Visiting URL: https://liraimportltd.com/wp-content/uploads/2024/12/Stives-Soothing-Body-Lotion-621-Ml-Oatmeal-And-Shea-Butter-300x300.jpg
2026-03-09 07:00:35,500 [INFO] - LiraImportLtd - 🗂️ Category/Nav page detected.
2026-03-09 07:00:35,500 [INFO] - LiraImportLtd - 🔍 Found 0 unique target links.
2026-03-09 07:00:35,561 [INFO] - LiraImportLtd - 🌍 Visiting URL: https://liraimportltd.com/wp-content/uploads/2025/10/3423ee72e4a745fb8fe0e9f823b4ad3b-web_1010x1180_transparent_png-300x300.webp
2026-03-09 07:00:35,562 [INFO] - LiraImportLtd - 🗂️ Category/Nav page detected.
2026-03-09 07:00:35,562 [INFO] - LiraImportLtd - 🔍 Found 0 unique target links.
2026-03-09 07:00:35,781 [INFO] - LiraImportLtd - 🌍 Visiting URL: https://liraimportltd.com/wp-content/uploads/2025/10/Dove-Body-Love-Essential-Care-48-HR-Body-Lotion-400ml-300x300.png
2026-03-09 07:00:35,781 [INFO] - LiraImportLtd - 🗂️ Category/Nav page detected.
2026-03-09 07:00:35,782 [INFO] - LiraImportLtd - 🔍 Found 0 unique target links.
2026-03-09 07:00:36,445 [INFO] - LiraImportLtd - 🌍 Visiting URL: https://liraimportltd.com/wp-content/uploads/2025/01/Aveeno-Baby-Soothing-Relief-Cream-300x300.jpeg
2026-03-09 07:00:36,446 [INFO] - LiraImportLtd - 🗂️ Category/Nav page detected.
2026-03-09 07:00:36,446 [INFO] - LiraImportLtd - 🔍 Found 0 unique target links.
2026-03-09 07:00:36,447 [INFO] - LiraImportLtd - 🌍 Visiting URL: https://liraimportltd.com/wp-content/uploads/2025/10/WhatsApp-Image-2025-10-16-at-12.45.35-PM-300x300.jpeg
2026-03-09 07:00:36,448 [INFO] - LiraImportLtd - 🗂️ Category/Nav page detected.
2026-03-09 07:00:36,448 [INFO] - LiraImportLtd - 🔍 Found 0 unique target links.
2026-03-09 07:00:36,903 [INFO] - LiraImportLtd - 🌍 Visiting URL: https://liraimportltd.com/wp-content/uploads/2025/10/1_e4d80887-1154-48be-9824-abbf252c54e4_1200x1200-300x300.jpg
2026-03-09 07:00:36,903 [INFO] - LiraImportLtd - 🗂️ Category/Nav page detected.
2026-03-09 07:00:36,903 [INFO] - LiraImportLtd - 🔍 Found 0 unique target links.
2026-03-09 07:00:36,935 [INFO] - LiraImportLtd - 🌍 Visiting URL: https://liraimportltd.com/wp-content/uploads/2025/10/1228917_400-ml-dove-body-love-restoring-care-body-lotion-international-uk-product-used-for-male-female-300x300.jpeg
2026-03-09 07:00:36,936 [INFO] - LiraImportLtd - 🛒 Product page detected! Extracting data...
2026-03-09 07:00:36,937 [INFO] - LiraImportLtd - 🔍 Found 0 unique target links.
2026-03-09 07:00:36,937 [INFO] - Lira - [4 New] Saved: 
2026-03-09 07:00:37,250 [INFO] - LiraImportLtd - 🌍 Visiting URL: https://liraimportltd.com/wp-content/uploads/2025/10/en-300x300.jpg
2026-03-09 07:00:37,251 [INFO] - LiraImportLtd - 🗂️ Category/Nav page detected.
2026-03-09 07:00:37,251 [INFO] - LiraImportLtd - 🔍 Found 0 unique target links.
2026-03-09 07:00:37,598 [INFO] - LiraImportLtd - 🌍 Visiting URL: https://liraimportltd.com/wp-content/uploads/2025/10/DM_Body_Lotion_-_18oz-300x300.webp
2026-03-09 07:00:37,599 [INFO] - LiraImportLtd - 🗂️ Category/Nav page detected.
2026-03-09 07:00:37,599 [INFO] - LiraImportLtd - 🔍 Found 0 unique target links.
2026-03-09 07:00:37,661 [INFO] - LiraImportLtd - 🌍 Visiting URL: https://liraimportltd.com/wp-content/uploads/2024/12/St-Ives-Renewing-Body-Lotion-621-Ml-Collagen-And-Elastin-300x300.jpg
2026-03-09 07:00:37,661 [INFO] - LiraImportLtd - 🗂️ Category/Nav page detected.
2026-03-09 07:00:37,662 [INFO] - LiraImportLtd - 🔍 Found 0 unique target links.
2026-03-09 07:00:38,093 [INFO] - LiraImportLtd - 🌍 Visiting URL: https://liraimportltd.com/wp-content/uploads/2025/10/WhatsApp-Image-2025-10-16-at-1.26.27-PM-300x300.jpeg
2026-03-09 07:00:38,093 [INFO] - LiraImportLtd - 🗂️ Category/Nav page detected.
2026-03-09 07:00:38,094 [INFO] - LiraImportLtd - 🔍 Found 0 unique target links.
2026-03-09 07:00:38,429 [INFO] - LiraImportLtd - 🌍 Visiting URL: https://liraimportltd.com/wp-content/uploads/2025/10/WhatsApp-Image-2025-10-16-at-12.42.27-PM-300x300.jpeg
2026-03-09 07:00:38,430 [INFO] - LiraImportLtd - 🗂️ Category/Nav page detected.
2026-03-09 07:00:38,430 [INFO] - LiraImportLtd - 🔍 Found 0 unique target links.
2026-03-09 07:00:38,761 [INFO] - LiraImportLtd - 🌍 Visiting URL: https://liraimportltd.com/wp-content/uploads/2024/12/St-Ives-Hydrating-Body-Lotion-Vitamin-E-And-Avocado-621-Ml_5-300x300.jpg
2026-03-09 07:00:38,762 [INFO] - LiraImportLtd - 🗂️ Category/Nav page detected.
2026-03-09 07:00:38,762 [INFO] - LiraImportLtd - 🔍 Found 0 unique target links.
2026-03-09 07:00:38,824 [INFO] - LiraImportLtd - 🌍 Visiting URL: https://liraimportltd.com/wp-content/uploads/2024/12/Vaseline-Blue-Seal-Light-Hydrating-Jelly-Aloe-Fresh-250-Ml_1-300x300.jpg
2026-03-09 07:00:38,825 [INFO] - LiraImportLtd - 🗂️ Category/Nav page detected.
2026-03-09 07:00:38,825 [INFO] - LiraImportLtd - 🔍 Found 0 unique target links.
2026-03-09 07:00:39,445 [INFO] - LiraImportLtd - 🌍 Visiting URL: https://liraimportltd.com/product-category/toiletries/page/3/
2026-03-09 07:00:39,446 [INFO] - LiraImportLtd - 🛒 Product page detected! Extracting data...
2026-03-09 07:00:39,450 [INFO] - LiraImportLtd - 🔍 Found 20 unique target links.
2026-03-09 07:00:39,454 [INFO] - Lira - [5 New] Saved: 
2026-03-09 07:00:39,553 [INFO] - LiraImportLtd - 🌍 Visiting URL: https://liraimportltd.com/wp-content/uploads/2025/10/enchanteur-perfumed-body-lotion-gorgeous-satin-smooth-500-ml-300x300.jpeg
2026-03-09 07:00:39,554 [INFO] - LiraImportLtd - 🗂️ Category/Nav page detected.
2026-03-09 07:00:39,554 [INFO] - LiraImportLtd - 🔍 Found 0 unique target links.
2026-03-09 07:00:39,582 [INFO] - LiraImportLtd - 🌍 Visiting URL: https://liraimportltd.com/wp-content/uploads/2025/10/IMG_4382-300x300.jpg
2026-03-09 07:00:39,583 [INFO] - LiraImportLtd - 🗂️ Category/Nav page detected.
2026-03-09 07:00:39,583 [INFO] - LiraImportLtd - 🔍 Found 0 unique target links.
2026-03-09 07:00:40,216 [INFO] - LiraImportLtd - 🌍 Visiting URL: https://liraimportltd.com/wp-content/uploads/2025/10/lux-body-wash-french-rose-2-300x300.jpg
2026-03-09 07:00:40,217 [INFO] - LiraImportLtd - 🗂️ Category/Nav page detected.
2026-03-09 07:00:40,217 [INFO] - LiraImportLtd - 🔍 Found 0 unique target links.
2026-03-09 07:00:40,408 [INFO] - LiraImportLtd - 🌍 Visiting URL: https://liraimportltd.com/wp-content/uploads/2025/10/Lux-300x300.jpg
2026-03-09 07:00:40,408 [INFO] - LiraImportLtd - 🗂️ Category/Nav page detected.
2026-03-09 07:00:40,409 [INFO] - LiraImportLtd - 🔍 Found 0 unique target links.
2026-03-09 07:00:41,033 [INFO] - LiraImportLtd - 🌍 Visiting URL: https://liraimportltd.com/wp-content/uploads/2024/12/St-Ives-Softening-Body-Lotion-621-Ml-Coconut-And-Orchid-300x300.jpg
2026-03-09 07:00:41,034 [INFO] - LiraImportLtd - 🗂️ Category/Nav page detected.
2026-03-09 07:00:41,034 [INFO] - LiraImportLtd - 🔍 Found 0 unique target links.
2026-03-09 07:00:41,149 [INFO] - LiraImportLtd - 🌍 Visiting URL: https://liraimportltd.com/wp-content/uploads/2025/10/eyJidWNrZXQiOiJhcm9nZ2EiLCJrZXkiOiJQcm9kdWN0LXBfaW1hZ2VzXC84NTMxMFwvODUzMTAtMS1rNXpicGsucG5nIiwiZWRpdHMiOltdfQ-300x300.jpg
2026-03-09 07:00:41,150 [INFO] - LiraImportLtd - 🗂️ Category/Nav page detected.
2026-03-09 07:00:41,150 [INFO] - LiraImportLtd - 🔍 Found 0 unique target links.
2026-03-09 07:00:41,203 [INFO] - LiraImportLtd - 🌍 Visiting URL: https://liraimportltd.com/wp-content/uploads/2025/06/Aveeno_Daily_Care_Baby_Hair_and_Body_Was-Aveeno_-20a9f-381985-300x300.png
2026-03-09 07:00:41,204 [INFO] - LiraImportLtd - 🗂️ Category/Nav page detected.
2026-03-09 07:00:41,204 [INFO] - LiraImportLtd - 🔍 Found 0 unique target links.
2026-03-09 07:00:41,379 [INFO] - LiraImportLtd - 🌍 Visiting URL: https://liraimportltd.com/wp-content/uploads/2024/11/Jergens-22908-Refreshing-Moisturizer-Lotion-400-Ml-Soothing-Aloe-300x300.jpg
2026-03-09 07:00:41,379 [INFO] - LiraImportLtd - 🗂️ Category/Nav page detected.
2026-03-09 07:00:41,380 [INFO] - LiraImportLtd - 🔍 Found 0 unique target links.
2026-03-09 07:00:41,568 [INFO] - LiraImportLtd - 🌍 Visiting URL: https://liraimportltd.com/wp-content/uploads/2024/11/Jergens-22907-Dry-Skin-Moisturizer-Lotion-400-Ml-Original-Scent-300x300.webp
2026-03-09 07:00:41,568 [INFO] - LiraImportLtd - 🗂️ Category/Nav page detected.
2026-03-09 07:00:41,569 [INFO] - LiraImportLtd - 🔍 Found 0 unique target links.
2026-03-09 07:00:42,359 [INFO] - LiraImportLtd - 🌍 Visiting URL: https://liraimportltd.com/wp-content/uploads/2024/11/CeraVe-20717-Sa-Lotion-For-Rough-And-Bumpy-Skin-237-Ml-300x300.jpg
2026-03-09 07:00:42,360 [INFO] - LiraImportLtd - 🗂️ Category/Nav page detected.
2026-03-09 07:00:42,360 [INFO] - LiraImportLtd - 🔍 Found 0 unique target links.
2026-03-09 07:00:42,362 [INFO] - LiraImportLtd - 🌍 Visiting URL: https://liraimportltd.com/wp-content/uploads/2022/12/2rrJeo2GjQAgaFWhbfJQiUpHWXNBBpMk4ipJHqWo-300x300.jpg
2026-03-09 07:00:42,362 [INFO] - LiraImportLtd - 🗂️ Category/Nav page detected.
2026-03-09 07:00:42,362 [INFO] - LiraImportLtd - 🔍 Found 0 unique target links.
2026-03-09 07:00:42,484 [INFO] - LiraImportLtd - 🌍 Visiting URL: https://liraimportltd.com/wp-content/uploads/2024/11/Daily-Moisturising-Lotion-Normal-To-Dry-Skin-237-Ml-300x300.jpg
2026-03-09 07:00:42,484 [INFO] - LiraImportLtd - 🗂️ Category/Nav page detected.
2026-03-09 07:00:42,485 [INFO] - LiraImportLtd - 🔍 Found 0 unique target links.
2026-03-09 07:00:42,585 [INFO] - LiraImportLtd - 🌍 Visiting URL: https://liraimportltd.com/wp-content/uploads/2022/09/Ribana-Saffron-Goats-Milk-Soap-300x300.jpg
2026-03-09 07:00:42,585 [INFO] - LiraImportLtd - 🗂️ Category/Nav page detected.
2026-03-09 07:00:42,586 [INFO] - LiraImportLtd - 🔍 Found 0 unique target links.
2026-03-09 07:00:42,739 [INFO] - LiraImportLtd - 🌍 Visiting URL: https://liraimportltd.com/wp-content/uploads/2023/12/product-300x300.jpg
2026-03-09 07:00:42,740 [INFO] - LiraImportLtd - 🛒 Product page detected! Extracting data...
2026-03-09 07:00:42,741 [INFO] - LiraImportLtd - 🔍 Found 0 unique target links.
2026-03-09 07:00:42,742 [INFO] - Lira - [6 New] Saved: 
2026-03-09 07:00:43,524 [INFO] - LiraImportLtd - 🌍 Visiting URL: https://liraimportltd.com/wp-content/uploads/2022/09/Ribana-Organic-Goats-Milk-Soap-300x300.jpg
2026-03-09 07:00:43,524 [INFO] - LiraImportLtd - 🗂️ Category/Nav page detected.
2026-03-09 07:00:43,525 [INFO] - LiraImportLtd - 🔍 Found 0 unique target links.
2026-03-09 07:00:43,755 [INFO] - LiraImportLtd - 🌍 Visiting URL: https://liraimportltd.com/wp-content/uploads/2022/12/Baby-Daily-Care-Moisturising-Lotion-150-Ml-300x300.jpg
2026-03-09 07:00:43,756 [INFO] - LiraImportLtd - 🗂️ Category/Nav page detected.
2026-03-09 07:00:43,756 [INFO] - LiraImportLtd - 🔍 Found 0 unique target links.
2026-03-09 07:00:43,958 [INFO] - LiraImportLtd - 🌍 Visiting URL: https://liraimportltd.com/wp-content/uploads/2024/10/LANEIGE-Lip-Sleeping-Mask-Berry-03-G-300x300.png
2026-03-09 07:00:43,959 [INFO] - LiraImportLtd - 🗂️ Category/Nav page detected.
2026-03-09 07:00:43,959 [INFO] - LiraImportLtd - 🔍 Found 0 unique target links.
2026-03-09 07:00:43,970 [INFO] - LiraImportLtd - 🌍 Visiting URL: https://liraimportltd.com/wp-content/uploads/2023/12/nivea-soft-light-moisturising-cream-100gm-2-300x300.jpg
2026-03-09 07:00:43,971 [INFO] - LiraImportLtd - 🗂️ Category/Nav page detected.
2026-03-09 07:00:43,971 [INFO] - LiraImportLtd - 🔍 Found 0 unique target links.
2026-03-09 07:00:44,057 [INFO] - LiraImportLtd - 🌍 Visiting URL: https://liraimportltd.com/wp-content/uploads/2024/10/Ribana-Olive-Oil-100-Ml-300x300.png
2026-03-09 07:00:44,058 [INFO] - LiraImportLtd - 🗂️ Category/Nav page detected.
2026-03-09 07:00:44,058 [INFO] - LiraImportLtd - 🔍 Found 0 unique target links.
2026-03-09 07:00:44,678 [INFO] - LiraImportLtd - 🌍 Visiting URL: https://liraimportltd.com/wp-content/uploads/2023/12/WhatsApp-Image-2025-11-29-at-5.25.38-PM-300x300.jpeg
2026-03-09 07:00:44,678 [INFO] - LiraImportLtd - 🗂️ Category/Nav page detected.
2026-03-09 07:00:44,679 [INFO] - LiraImportLtd - 🔍 Found 0 unique target links.
2026-03-09 07:00:44,971 [INFO] - LiraImportLtd - 🌍 Visiting URL: https://liraimportltd.com/wp-content/uploads/2024/09/Vaseline-Lotion-Healthy-Bright-300ml-300x300.jpg
2026-03-09 07:00:44,972 [INFO] - LiraImportLtd - 🗂️ Category/Nav page detected.
2026-03-09 07:00:44,972 [INFO] - LiraImportLtd - 🔍 Found 0 unique target links.
2026-03-09 07:00:45,147 [INFO] - LiraImportLtd - 🌍 Visiting URL: https://liraimportltd.com/wp-content/uploads/2024/10/vaseline-deep-restore-lotion-400ml-300x300.jpg
2026-03-09 07:00:45,147 [INFO] - LiraImportLtd - 🗂️ Category/Nav page detected.
2026-03-09 07:00:45,148 [INFO] - LiraImportLtd - 🔍 Found 0 unique target links.
2026-03-09 07:00:45,214 [INFO] - LiraImportLtd - 🌍 Visiting URL: https://liraimportltd.com/wp-content/uploads/2024/10/vaseline-deep-restore-lotion-300ml-300x300.jpg
2026-03-09 07:00:45,215 [INFO] - LiraImportLtd - 🗂️ Category/Nav page detected.
2026-03-09 07:00:45,215 [INFO] - LiraImportLtd - 🔍 Found 0 unique target links.
2026-03-09 07:00:45,263 [INFO] - LiraImportLtd - 🌍 Visiting URL: https://liraimportltd.com/wp-content/uploads/2024/10/vasline-deep-restore-lotion-200ml-300x300.jpg
2026-03-09 07:00:45,264 [INFO] - LiraImportLtd - 🗂️ Category/Nav page detected.
2026-03-09 07:00:45,264 [INFO] - LiraImportLtd - 🔍 Found 0 unique target links.
2026-03-09 07:00:45,884 [INFO] - LiraImportLtd - 🌍 Visiting URL: https://liraimportltd.com/wp-content/uploads/2024/12/Vaseline-Blue-Seal-Rich-Conditioning-Jelly-Cocoa-Butter-250-Ml-300x300.jpg
2026-03-09 07:00:45,885 [INFO] - LiraImportLtd - 🗂️ Category/Nav page detected.
2026-03-09 07:00:45,886 [INFO] - LiraImportLtd - 🔍 Found 0 unique target links.
2026-03-09 07:00:47,093 [INFO] - LiraImportLtd - 🌍 Visiting URL: https://liraimportltd.com/wp-content/uploads/2024/09/Lux-Body-Wash-Orange-Blossom-Vitamin-C-245ml-300x300.png
2026-03-09 07:00:47,094 [INFO] - LiraImportLtd - 🗂️ Category/Nav page detected.
2026-03-09 07:00:47,095 [INFO] - LiraImportLtd - 🔍 Found 0 unique target links.
2026-03-09 07:00:47,110 [INFO] - Lira - Scraper finished successfully.
2026-03-09 07:03:14,444 [INFO] - ParserLoader - ✅ Successfully loaded parser for liraimportltd.com
2026-03-09 07:03:14,453 [INFO] - Lira - Starting scraper for Lira...
2026-03-09 07:03:16,355 [INFO] - LiraImportLtd - 🌍 Visiting URL: https://liraimportltd.com/product-category/toiletries/
2026-03-09 07:03:16,355 [INFO] - LiraImportLtd - 🛒 Product page detected! Extracting data...
2026-03-09 07:03:16,362 [INFO] - LiraImportLtd - 🔍 Found 21 unique target links.
2026-03-09 07:03:16,367 [INFO] - Lira - [1 New] Saved: 
2026-03-09 07:03:17,886 [INFO] - LiraImportLtd - 🌍 Visiting URL: https://liraimportltd.com/product/jergens-daily-moisture-lotion-with-silk-proteins-and-citrus-extracts/
2026-03-09 07:03:17,886 [INFO] - LiraImportLtd - 🛒 Product page detected! Extracting data...
2026-03-09 07:03:17,892 [INFO] - LiraImportLtd - 🔍 Found 0 unique target links.
2026-03-09 07:03:17,894 [INFO] - Lira - [2 New] Saved: JERGENS Daily Moisture lotion with Silk Proteins and Citrus Extracts
2026-03-09 07:03:17,973 [INFO] - LiraImportLtd - 🌍 Visiting URL: https://liraimportltd.com/product/enchanteur-perfumed-body-lotion-250ml-enticing/
2026-03-09 07:03:17,973 [INFO] - LiraImportLtd - 🛒 Product page detected! Extracting data...
2026-03-09 07:03:17,979 [INFO] - LiraImportLtd - 🔍 Found 0 unique target links.
2026-03-09 07:03:17,981 [INFO] - Lira - [3 New] Saved: Enchanteur  Perfumed Body Lotion 250ml (Enticing)
2026-03-09 07:03:18,128 [INFO] - LiraImportLtd - 🌍 Visiting URL: https://liraimportltd.com/product/enchanteur-perfumed-body-lotion-500ml-charming/
2026-03-09 07:03:18,128 [INFO] - LiraImportLtd - 🛒 Product page detected! Extracting data...
2026-03-09 07:03:18,132 [INFO] - LiraImportLtd - 🔍 Found 0 unique target links.
2026-03-09 07:03:18,134 [INFO] - Lira - [4 New] Saved: Enchanteur Perfumed Body Lotion 500ml (Charming)
2026-03-09 07:03:18,356 [INFO] - LiraImportLtd - 🌍 Visiting URL: https://liraimportltd.com/product/enchanteur-perfumed-body-lotion-250ml-romantic/
2026-03-09 07:03:18,357 [INFO] - LiraImportLtd - 🛒 Product page detected! Extracting data...
2026-03-09 07:03:18,361 [INFO] - LiraImportLtd - 🔍 Found 0 unique target links.
2026-03-09 07:03:18,363 [INFO] - Lira - [5 New] Saved: Enchanteur perfumed body lotion 250ml (Romantic)
2026-03-09 07:03:19,195 [INFO] - LiraImportLtd - 🌍 Visiting URL: https://liraimportltd.com/product/vaseline-gluta-hya-flawless-glow-serum-burst-lotion/
2026-03-09 07:03:19,196 [INFO] - LiraImportLtd - 🛒 Product page detected! Extracting data...
2026-03-09 07:03:19,200 [INFO] - LiraImportLtd - 🔍 Found 0 unique target links.
2026-03-09 07:03:19,201 [INFO] - Lira - [6 New] Saved: Vaseline® Gluta-Hya Flawless Glow Serum Burst Lotion
2026-03-09 07:03:19,581 [INFO] - LiraImportLtd - 🌍 Visiting URL: https://liraimportltd.com/product/enchanteur-perfumed-body-lotion-250ml-alluring/
2026-03-09 07:03:19,582 [INFO] - LiraImportLtd - 🛒 Product page detected! Extracting data...
2026-03-09 07:03:19,586 [INFO] - LiraImportLtd - 🔍 Found 0 unique target links.
2026-03-09 07:03:19,588 [INFO] - Lira - [7 New] Saved: Enchanteur perfumed body lotion 250ml (Alluring)
2026-03-09 07:03:19,719 [INFO] - LiraImportLtd - 🌍 Visiting URL: https://liraimportltd.com/product/nivea-express-hydration-body-lotion-380ml/
2026-03-09 07:03:19,719 [INFO] - LiraImportLtd - 🛒 Product page detected! Extracting data...
2026-03-09 07:03:19,724 [INFO] - LiraImportLtd - 🔍 Found 0 unique target links.
2026-03-09 07:03:19,727 [INFO] - Lira - [8 New] Saved: Nivea 48 Hr 5 In 1 Complete Care Body Lotion (Express Hydration (380 Ml))
2026-03-09 07:03:19,795 [INFO] - LiraImportLtd - 🌍 Visiting URL: https://liraimportltd.com/product/nivea-rich-nourishing-body-milk-dry-to-very-dry-skin-400ml/
2026-03-09 07:03:19,795 [INFO] - LiraImportLtd - 🛒 Product page detected! Extracting data...
2026-03-09 07:03:19,799 [INFO] - LiraImportLtd - 🔍 Found 0 unique target links.
2026-03-09 07:03:19,801 [INFO] - Lira - [9 New] Saved: NIVEA Rich Nourishing Body Milk, Dry to Very Dry Skin 400ml
2026-03-09 07:03:20,554 [INFO] - LiraImportLtd - 🌍 Visiting URL: https://liraimportltd.com/product/nivea-natural-glow-body-lotion-400ml/
2026-03-09 07:03:20,555 [INFO] - LiraImportLtd - 🛒 Product page detected! Extracting data...
2026-03-09 07:03:20,559 [INFO] - LiraImportLtd - 🔍 Found 0 unique target links.
2026-03-09 07:03:20,562 [INFO] - Lira - [10 New] Saved: Nivea Natural Glow Body Lotion 400ml
2026-03-09 07:03:20,562 [INFO] - Lira - Max item limit reached (10). Stopping.
2026-03-09 07:03:20,576 [ERROR] - asyncio - Task exception was never retrieved
future: <Task finished name='Task-4' coro=<<async_generator_athrow without __name__>()> exception=RuntimeError('Attempted to exit cancel scope in a different task than it was entered in')>
  + Exception Group Traceback (most recent call last):
  |   File "/usr/local/lib/python3.13/site-packages/anyio/_backends/_asyncio.py", line 783, in __aexit__
  |     raise BaseExceptionGroup(
  |         "unhandled errors in a TaskGroup", self._exceptions
  |     ) from None
  | BaseExceptionGroup: unhandled errors in a TaskGroup (1 sub-exception)
  +-+---------------- 1 ----------------
    | Traceback (most recent call last):
    |   File "/usr/local/lib/python3.13/site-packages/scrapling/spiders/engine.py", line 331, in _stream
    |     yield item
    | GeneratorExit
    +------------------------------------

During handling of the above exception, another exception occurred:

Traceback (most recent call last):
  File "/usr/local/lib/python3.13/site-packages/scrapling/spiders/engine.py", line 327, in _stream
    async with create_task_group() as tg:
               ~~~~~~~~~~~~~~~~~^^
  File "/usr/local/lib/python3.13/site-packages/anyio/_backends/_asyncio.py", line 789, in __aexit__
    if self.cancel_scope.__exit__(type(exc), exc, exc.__traceback__):
       ~~~~~~~~~~~~~~~~~~~~~~~~~~^^^^^^^^^^^^^^^^^^^^^^^^^^^^^^^^^^^
  File "/usr/local/lib/python3.13/site-packages/anyio/_backends/_asyncio.py", line 461, in __exit__
    raise RuntimeError(
    ...<2 lines>...
    )
RuntimeError: Attempted to exit cancel scope in a different task than it was entered in
2026-03-09 07:03:20,580 [ERROR] - asyncio - unhandled exception during asyncio.run() shutdown
task: <Task finished name='Task-3' coro=<<async_generator_athrow without __name__>()> exception=ValueError("<Token var=<ContextVar name='scrapling_logger' default=<Logger scrapling (INFO)> at 0x7b8751781d50> at 0x7b874f241840> was created in a different Context")>
Traceback (most recent call last):
  File "/usr/local/lib/python3.13/site-packages/scrapling/spiders/spider.py", line 302, in stream
    yield item
asyncio.exceptions.CancelledError

During handling of the above exception, another exception occurred:

Traceback (most recent call last):
  File "/usr/local/lib/python3.13/site-packages/scrapling/spiders/spider.py", line 305, in stream
    reset_logger(token)
    ~~~~~~~~~~~~^^^^^^^
  File "/usr/local/lib/python3.13/site-packages/scrapling/core/utils/_utils.py", line 58, in reset_logger
    _current_logger.reset(token)
    ~~~~~~~~~~~~~~~~~~~~~^^^^^^^
ValueError: <Token var=<ContextVar name='scrapling_logger' default=<Logger scrapling (INFO)> at 0x7b8751781d50> at 0x7b874f241840> was created in a different Context
2026-03-09 07:03:20,582 [INFO] - Lira - Scraper finished successfully.
2026-03-09 07:12:38,572 [INFO] - ParserLoader - ✅ Successfully loaded parser for liraimportltd.com
2026-03-09 07:12:38,582 [INFO] - Lira - Starting scraper for Lira...
2026-03-09 07:12:40,166 [INFO] - LiraImportLtd - 🌍 Visiting URL: https://liraimportltd.com/product-category/toiletries/
2026-03-09 07:12:40,167 [INFO] - LiraImportLtd - 🛒 Product page detected! Extracting data...
2026-03-09 07:12:40,182 [INFO] - Lira - [1 New] Saved: 
2026-03-09 07:12:48,119 [INFO] - Lira - Scraper finished successfully.
2026-03-09 07:13:55,473 [INFO] - ParserLoader - ✅ Successfully loaded parser for liraimportltd.com
2026-03-09 07:13:56,343 [INFO] - ParserLoader - ✅ Successfully loaded parser for liraimportltd.com
2026-03-09 07:13:57,236 [INFO] - ParserLoader - ✅ Successfully loaded parser for liraimportltd.com
2026-03-09 07:13:58,296 [INFO] - ParserLoader - ✅ Successfully loaded parser for liraimportltd.com
2026-03-09 07:13:59,783 [INFO] - ParserLoader - ✅ Successfully loaded parser for liraimportltd.com
2026-03-09 07:14:02,073 [INFO] - ParserLoader - ✅ Successfully loaded parser for liraimportltd.com
2026-03-09 07:14:05,941 [INFO] - ParserLoader - ✅ Successfully loaded parser for liraimportltd.com
2026-03-09 07:14:13,038 [INFO] - ParserLoader - ✅ Successfully loaded parser for liraimportltd.com
2026-03-09 07:14:26,527 [INFO] - ParserLoader - ✅ Successfully loaded parser for liraimportltd.com
2026-03-09 07:14:53,214 [INFO] - ParserLoader - ✅ Successfully loaded parser for liraimportltd.com
2026-03-09 07:15:45,199 [INFO] - ParserLoader - ✅ Successfully loaded parser for liraimportltd.com
2026-03-09 07:16:45,925 [INFO] - ParserLoader - ✅ Successfully loaded parser for liraimportltd.com
2026-03-09 07:17:48,462 [INFO] - ParserLoader - ✅ Successfully loaded parser for liraimportltd.com
2026-03-09 07:17:49,407 [INFO] - ParserLoader - ✅ Successfully loaded parser for liraimportltd.com
2026-03-09 07:17:50,322 [INFO] - ParserLoader - ✅ Successfully loaded parser for liraimportltd.com
2026-03-09 07:17:51,470 [INFO] - ParserLoader - ✅ Successfully loaded parser for liraimportltd.com
2026-03-09 07:17:52,964 [INFO] - ParserLoader - ✅ Successfully loaded parser for liraimportltd.com
2026-03-09 07:17:55,240 [INFO] - ParserLoader - ✅ Successfully loaded parser for liraimportltd.com
2026-03-09 07:17:59,481 [INFO] - ParserLoader - ✅ Successfully loaded parser for liraimportltd.com
2026-03-09 07:18:06,888 [INFO] - ParserLoader - ✅ Successfully loaded parser for liraimportltd.com
2026-03-09 07:18:20,538 [INFO] - ParserLoader - ✅ Successfully loaded parser for liraimportltd.com
2026-03-09 07:18:47,318 [INFO] - ParserLoader - ✅ Successfully loaded parser for liraimportltd.com
2026-03-09 07:19:39,218 [INFO] - ParserLoader - ✅ Successfully loaded parser for liraimportltd.com
2026-03-09 07:20:40,172 [INFO] - ParserLoader - ✅ Successfully loaded parser for liraimportltd.com
2026-03-09 07:21:41,005 [INFO] - ParserLoader - ✅ Successfully loaded parser for liraimportltd.com
2026-03-09 07:22:41,743 [INFO] - ParserLoader - ✅ Successfully loaded parser for liraimportltd.com
2026-03-09 07:23:42,636 [INFO] - ParserLoader - ✅ Successfully loaded parser for liraimportltd.com
2026-03-09 07:24:43,482 [INFO] - ParserLoader - ✅ Successfully loaded parser for liraimportltd.com
2026-03-09 07:25:44,377 [INFO] - ParserLoader - ✅ Successfully loaded parser for liraimportltd.com
2026-03-09 07:26:45,228 [INFO] - ParserLoader - ✅ Successfully loaded parser for liraimportltd.com
2026-03-09 07:27:46,070 [INFO] - ParserLoader - ✅ Successfully loaded parser for liraimportltd.com
2026-03-09 07:28:46,918 [INFO] - ParserLoader - ✅ Successfully loaded parser for liraimportltd.com
2026-03-09 07:29:47,804 [INFO] - ParserLoader - ✅ Successfully loaded parser for liraimportltd.com
2026-03-09 07:30:48,711 [INFO] - ParserLoader - ✅ Successfully loaded parser for liraimportltd.com
2026-03-09 07:31:49,830 [INFO] - ParserLoader - ✅ Successfully loaded parser for liraimportltd.com
2026-03-09 07:32:50,822 [INFO] - ParserLoader - ✅ Successfully loaded parser for liraimportltd.com
2026-03-09 07:33:51,638 [INFO] - ParserLoader - ✅ Successfully loaded parser for liraimportltd.com
2026-03-09 07:34:52,495 [INFO] - ParserLoader - ✅ Successfully loaded parser for liraimportltd.com
2026-03-09 07:35:53,323 [INFO] - ParserLoader - ✅ Successfully loaded parser for liraimportltd.com
2026-03-09 07:36:54,258 [INFO] - ParserLoader - ✅ Successfully loaded parser for liraimportltd.com
2026-03-09 07:37:55,139 [INFO] - ParserLoader - ✅ Successfully loaded parser for liraimportltd.com
2026-03-09 07:38:55,984 [INFO] - ParserLoader - ✅ Successfully loaded parser for liraimportltd.com
2026-03-09 07:39:56,889 [INFO] - ParserLoader - ✅ Successfully loaded parser for liraimportltd.com
2026-03-09 07:40:57,893 [INFO] - ParserLoader - ✅ Successfully loaded parser for liraimportltd.com
2026-03-09 07:41:58,770 [INFO] - ParserLoader - ✅ Successfully loaded parser for liraimportltd.com
2026-03-09 07:42:59,597 [INFO] - ParserLoader - ✅ Successfully loaded parser for liraimportltd.com
2026-03-09 07:44:00,604 [INFO] - ParserLoader - ✅ Successfully loaded parser for liraimportltd.com
2026-03-09 07:45:01,722 [INFO] - ParserLoader - ✅ Successfully loaded parser for liraimportltd.com
2026-03-09 07:48:08,500 [INFO] - ParserLoader - ✅ Successfully loaded parser for liraimportltd.com
2026-03-09 07:49:09,200 [INFO] - ParserLoader - ✅ Successfully loaded parser for liraimportltd.com
2026-03-09 07:50:09,943 [INFO] - ParserLoader - ✅ Successfully loaded parser for liraimportltd.com
2026-03-09 07:51:10,664 [INFO] - ParserLoader - ✅ Successfully loaded parser for liraimportltd.com
2026-03-09 07:52:11,458 [INFO] - ParserLoader - ✅ Successfully loaded parser for liraimportltd.com
2026-03-09 07:54:32,952 [INFO] - ParserLoader - ✅ Successfully loaded parser for liraimportltd.com
2026-03-09 07:54:32,976 [INFO] - Lira - Starting scraper for Lira...
2026-03-09 07:54:36,313 [INFO] - LiraImportLtd - 🌍 Visiting URL: https://liraimportltd.com/product/beaute-melasma-x-glutathione-brightening-tone-up-cream-45-ml/
2026-03-09 07:54:36,313 [INFO] - LiraImportLtd - 🛒 Product page detected! Extracting data...
2026-03-09 07:54:36,318 [INFO] - LiraImportLtd - 🔍 Found 0 unique target links.
2026-03-09 07:54:36,321 [INFO] - Lira - [1 New] Saved: Beaute Melasma-X Glutathione Brightening Tone Up Cream 45 ml
2026-03-09 07:54:36,355 [INFO] - Lira - Scraper finished successfully.
2026-03-10 15:07:00,205 [INFO] - ParserLoader - ✅ Successfully loaded parser for liraimportltd.com
2026-03-10 15:07:00,206 [INFO] - Lira - Loaded 1 unique products from existing CSV.
2026-03-10 15:07:00,207 [INFO] - Lira - Starting scraper for Lira...
2026-03-10 15:07:01,704 [INFO] - LiraImportLtd - 🌍 Visiting URL: https://liraimportltd.com/product/beaute-melasma-x-glutathione-brightening-tone-up-cream-45-ml/
2026-03-10 15:07:01,704 [INFO] - LiraImportLtd - 🛒 Product page detected! Extracting data...
2026-03-10 15:07:01,708 [INFO] - LiraImportLtd - 🔍 Found 0 target links on this page.
2026-03-10 15:07:01,709 [INFO] - Lira - ♻️ Update: Beaute Melasma-X Glutathione Brightening Tone Up Cream 45 ml
2026-03-10 15:07:01,746 [INFO] - Lira - Scraper finished successfully.
2026-03-10 15:08:26,830 [INFO] - ParserLoader - ✅ Successfully loaded parser for liraimportltd.com
2026-03-10 15:08:26,830 [INFO] - Lira - Loaded 1 unique products from existing CSV.
2026-03-10 15:08:26,831 [INFO] - Lira - Starting scraper for Lira...
2026-03-10 15:08:28,267 [INFO] - LiraImportLtd - 🌍 Visiting URL: https://liraimportltd.com/product/beaute-melasma-x-glutathione-brightening-tone-up-cream-45-ml/
2026-03-10 15:08:28,267 [INFO] - LiraImportLtd - 🛒 Product page detected! Extracting data...
2026-03-10 15:08:28,270 [INFO] - LiraImportLtd - 🔍 Found 0 target links on this page.
2026-03-10 15:08:28,273 [INFO] - Lira - Scraper finished successfully.
2026-03-10 15:08:52,151 [INFO] - ParserLoader - ✅ Successfully loaded parser for liraimportltd.com
2026-03-10 15:08:52,152 [INFO] - Lira - Loaded 1 unique products from existing CSV.
2026-03-10 15:08:52,153 [INFO] - Lira - Starting scraper for Lira...
2026-03-10 15:08:53,591 [INFO] - LiraImportLtd - 🌍 Visiting URL: https://liraimportltd.com/product/beaute-melasma-x-glutathione-brightening-tone-up-cream-45-ml/
2026-03-10 15:08:53,591 [INFO] - LiraImportLtd - 🛒 Product page detected! Extracting data...
2026-03-10 15:08:53,595 [INFO] - LiraImportLtd - 🔍 Found 0 target links on this page.
2026-03-10 15:08:53,639 [INFO] - Lira - Scraper finished successfully.
2026-03-10 15:09:19,696 [INFO] - ParserLoader - ✅ Successfully loaded parser for liraimportltd.com
2026-03-10 15:09:19,697 [INFO] - Lira - Loaded 1 unique products from existing CSV.
2026-03-10 15:09:19,698 [INFO] - Lira - Starting scraper for Lira...
2026-03-10 15:09:21,123 [INFO] - LiraImportLtd - 🌍 Visiting URL: https://liraimportltd.com/product-category/perfume/
2026-03-10 15:09:21,123 [INFO] - LiraImportLtd - 🗂️ Category/Nav page detected.
2026-03-10 15:09:21,125 [INFO] - LiraImportLtd - 🔍 Found 21 target links on this page.
2026-03-10 15:09:22,393 [INFO] - LiraImportLtd - 🌍 Visiting URL: https://liraimportltd.com/product/dear-body-perfume-winter-woods/
2026-03-10 15:09:22,393 [INFO] - LiraImportLtd - 🛒 Product page detected! Extracting data...
2026-03-10 15:09:22,398 [INFO] - LiraImportLtd - 🔍 Found 0 target links on this page.
2026-03-10 15:09:22,400 [INFO] - Lira - [1 New] Saved: Dear Body Perfume (Winter Woods)
2026-03-10 15:09:22,521 [INFO] - LiraImportLtd - 🌍 Visiting URL: https://liraimportltd.com/product/revolution-man-eau-de-toilette-100ml-transcendent/
2026-03-10 15:09:22,521 [INFO] - LiraImportLtd - 🛒 Product page detected! Extracting data...
2026-03-10 15:09:22,526 [INFO] - LiraImportLtd - 🔍 Found 0 target links on this page.
2026-03-10 15:09:22,528 [INFO] - Lira - [2 New] Saved: Revolution Man Eau De Toilette 100ml (Transcendent)
2026-03-10 15:09:22,536 [INFO] - LiraImportLtd - 🌍 Visiting URL: https://liraimportltd.com/product/dear-body-perfume-warm-pleasant/
2026-03-10 15:09:22,536 [INFO] - LiraImportLtd - 🛒 Product page detected! Extracting data...
2026-03-10 15:09:22,542 [INFO] - LiraImportLtd - 🔍 Found 0 target links on this page.
2026-03-10 15:09:22,550 [INFO] - LiraImportLtd - 🌍 Visiting URL: https://liraimportltd.com/product/revolution-body-mist-spray-revolutionary-noir-100-ml/
2026-03-10 15:09:22,550 [INFO] - LiraImportLtd - 🛒 Product page detected! Extracting data...
2026-03-10 15:09:22,554 [INFO] - Lira - [3 New] Saved: Dear Body Perfume (Warm & Pleasant)
2026-03-10 15:09:22,556 [INFO] - LiraImportLtd - 🔍 Found 0 target links on this page.
2026-03-10 15:09:22,565 [INFO] - LiraImportLtd - 🌍 Visiting URL: https://liraimportltd.com/product/dear-body-perfume-holiday-mood/
2026-03-10 15:09:22,565 [INFO] - LiraImportLtd - 🛒 Product page detected! Extracting data...
2026-03-10 15:09:22,568 [INFO] - Lira - [4 New] Saved: Revolution Body Mist Spray (Revolutionary Noir (100 Ml)
2026-03-10 15:09:22,570 [INFO] - LiraImportLtd - 🔍 Found 0 target links on this page.
2026-03-10 15:09:22,572 [INFO] - Lira - [5 New] Saved: Dear Body Perfume (Holiday Mood)
2026-03-10 15:09:23,649 [INFO] - LiraImportLtd - 🌍 Visiting URL: https://liraimportltd.com/product/revolutionary-eau-de-toilette-100ml/
2026-03-10 15:09:23,650 [INFO] - LiraImportLtd - 🛒 Product page detected! Extracting data...
2026-03-10 15:09:23,653 [INFO] - LiraImportLtd - 🔍 Found 0 target links on this page.
2026-03-10 15:09:23,655 [INFO] - Lira - [6 New] Saved: Revolutionary Eau De Toilette 100ml
2026-03-10 15:09:23,728 [INFO] - LiraImportLtd - 🌍 Visiting URL: https://liraimportltd.com/product-category/perfume/page/2/
2026-03-10 15:09:23,728 [INFO] - LiraImportLtd - 🗂️ Category/Nav page detected.
2026-03-10 15:09:23,730 [INFO] - LiraImportLtd - 🔍 Found 5 target links on this page.
2026-03-10 15:09:23,828 [INFO] - LiraImportLtd - 🌍 Visiting URL: https://liraimportltd.com/product/revolution-body-mist-spray-revolutionary-100-ml/
2026-03-10 15:09:23,828 [INFO] - LiraImportLtd - 🛒 Product page detected! Extracting data...
2026-03-10 15:09:23,831 [INFO] - LiraImportLtd - 🔍 Found 0 target links on this page.
2026-03-10 15:09:23,834 [INFO] - Lira - [7 New] Saved: Revolution Body Mist Spray (Revolutionary (100 Ml)
2026-03-10 15:09:23,842 [INFO] - LiraImportLtd - 🌍 Visiting URL: https://liraimportltd.com/product/dear-body-perfume-endless-missing/
2026-03-10 15:09:23,842 [INFO] - LiraImportLtd - 🛒 Product page detected! Extracting data...
2026-03-10 15:09:23,853 [INFO] - LiraImportLtd - 🌍 Visiting URL: https://liraimportltd.com/product/dear-body-perfume-la-vanilla/
2026-03-10 15:09:23,853 [INFO] - LiraImportLtd - 🛒 Product page detected! Extracting data...
2026-03-10 15:09:23,858 [INFO] - LiraImportLtd - 🔍 Found 0 target links on this page.
2026-03-10 15:09:23,863 [INFO] - LiraImportLtd - 🔍 Found 0 target links on this page.
2026-03-10 15:09:23,865 [INFO] - Lira - [8 New] Saved: Dear Body Perfume (Endless Missing)
2026-03-10 15:09:23,865 [INFO] - Lira - [9 New] Saved: Dear Body Perfume (la vanilla)
2026-03-10 15:09:24,906 [INFO] - LiraImportLtd - 🌍 Visiting URL: https://liraimportltd.com/product/dear-body-perfume-black-velvet/
2026-03-10 15:09:24,906 [INFO] - LiraImportLtd - 🛒 Product page detected! Extracting data...
2026-03-10 15:09:24,909 [INFO] - LiraImportLtd - 🔍 Found 0 target links on this page.
2026-03-10 15:09:24,911 [INFO] - Lira - [10 New] Saved: Dear Body perfume (Black Velvet)
2026-03-10 15:09:24,979 [INFO] - LiraImportLtd - 🌍 Visiting URL: https://liraimportltd.com/product/dear-body-perfume-romantic-beach/
2026-03-10 15:09:24,979 [INFO] - LiraImportLtd - 🛒 Product page detected! Extracting data...
2026-03-10 15:09:24,983 [INFO] - LiraImportLtd - 🔍 Found 0 target links on this page.
2026-03-10 15:09:24,985 [INFO] - Lira - [11 New] Saved: Dear Body Perfume (Romantic Beach)
2026-03-10 15:09:25,021 [INFO] - LiraImportLtd - 🌍 Visiting URL: https://liraimportltd.com/product/dear-body-perfume-midnight-orchid/
2026-03-10 15:09:25,021 [INFO] - LiraImportLtd - 🛒 Product page detected! Extracting data...
2026-03-10 15:09:25,026 [INFO] - LiraImportLtd - 🔍 Found 0 target links on this page.
2026-03-10 15:09:25,028 [INFO] - Lira - [12 New] Saved: Dear Body Perfume (Midnight Orchid)
2026-03-10 15:09:25,115 [INFO] - LiraImportLtd - 🌍 Visiting URL: https://liraimportltd.com/product/passion-eau-de-toilette-100ml/
2026-03-10 15:09:25,115 [INFO] - LiraImportLtd - 🛒 Product page detected! Extracting data...
2026-03-10 15:09:25,119 [INFO] - LiraImportLtd - 🔍 Found 0 target links on this page.
2026-03-10 15:09:25,121 [INFO] - Lira - [13 New] Saved: Passion Eau De Toilette 100ml
2026-03-10 15:09:25,129 [INFO] - LiraImportLtd - 🌍 Visiting URL: https://liraimportltd.com/product/revolution-man-eau-de-toilette-100ml-carbon-pulse/
2026-03-10 15:09:25,129 [INFO] - LiraImportLtd - 🛒 Product page detected! Extracting data...
2026-03-10 15:09:25,134 [INFO] - LiraImportLtd - 🔍 Found 0 target links on this page.
2026-03-10 15:09:25,136 [INFO] - Lira - [14 New] Saved: Revolution Man Eau De Toilette 100ml (Carbon Pulse)
2026-03-10 15:09:26,162 [INFO] - LiraImportLtd - 🌍 Visiting URL: https://liraimportltd.com/product/deodorant-spray-just-call-me/
2026-03-10 15:09:26,162 [INFO] - LiraImportLtd - 🛒 Product page detected! Extracting data...
2026-03-10 15:09:26,167 [INFO] - LiraImportLtd - 🔍 Found 0 target links on this page.
2026-03-10 15:09:26,169 [INFO] - Lira - [15 New] Saved: Deodorant Spray (Just Call Me)
2026-03-10 15:09:26,234 [INFO] - LiraImportLtd - 🌍 Visiting URL: https://liraimportltd.com/product/deodorant-spray-200-ml-luxury/
2026-03-10 15:09:26,234 [INFO] - LiraImportLtd - 🛒 Product page detected! Extracting data...
2026-03-10 15:09:26,238 [INFO] - LiraImportLtd - 🔍 Found 0 target links on this page.
2026-03-10 15:09:26,240 [INFO] - Lira - [16 New] Saved: Deodorant Spray 200 Ml (Luxury)
2026-03-10 15:09:26,278 [INFO] - LiraImportLtd - 🌍 Visiting URL: https://liraimportltd.com/product/revolution-body-mist-spray-timeless-100-ml/
2026-03-10 15:09:26,278 [INFO] - LiraImportLtd - 🛒 Product page detected! Extracting data...
2026-03-10 15:09:26,283 [INFO] - LiraImportLtd - 🔍 Found 0 target links on this page.
2026-03-10 15:09:26,292 [INFO] - LiraImportLtd - 🌍 Visiting URL: https://liraimportltd.com/product/i-heart-revolution-body-mist-sunset-paradise-236-ml/
2026-03-10 15:09:26,292 [INFO] - LiraImportLtd - 🛒 Product page detected! Extracting data...
2026-03-10 15:09:26,295 [INFO] - Lira - [17 New] Saved: Revolution Body Mist Spray (Timeless (100 Ml)
2026-03-10 15:09:26,297 [INFO] - LiraImportLtd - 🔍 Found 0 target links on this page.
2026-03-10 15:09:26,301 [INFO] - Lira - [18 New] Saved: I Heart Revolution Body Mist (Sunset Paradise (236 Ml)
2026-03-10 15:09:26,355 [INFO] - LiraImportLtd - 🌍 Visiting URL: https://liraimportltd.com/product/goddess-eau-de-toilette-100ml/
2026-03-10 15:09:26,355 [INFO] - LiraImportLtd - 🛒 Product page detected! Extracting data...
2026-03-10 15:09:26,362 [INFO] - LiraImportLtd - 🔍 Found 0 target links on this page.
2026-03-10 15:09:26,364 [INFO] - Lira - [19 New] Saved: Goddess Eau De Toilette 100ml
2026-03-10 15:09:27,418 [INFO] - LiraImportLtd - 🌍 Visiting URL: https://liraimportltd.com/product/revolution-man-eau-de-toilette-100ml-limitless-noir/
2026-03-10 15:09:27,418 [INFO] - LiraImportLtd - 🛒 Product page detected! Extracting data...
2026-03-10 15:09:27,422 [INFO] - LiraImportLtd - 🔍 Found 0 target links on this page.
2026-03-10 15:09:27,424 [INFO] - Lira - [20 New] Saved: Revolution Man Eau De Toilette 100ml (Limitless Noir)
2026-03-10 15:09:27,490 [INFO] - LiraImportLtd - 🌍 Visiting URL: https://liraimportltd.com/product/revolution-passion-purse-spray-10ml/
2026-03-10 15:09:27,491 [INFO] - LiraImportLtd - 🛒 Product page detected! Extracting data...
2026-03-10 15:09:27,495 [INFO] - LiraImportLtd - 🔍 Found 0 target links on this page.
2026-03-10 15:09:27,497 [INFO] - Lira - [21 New] Saved: Revolution Passion Purse Spray 10ml
2026-03-10 15:09:27,523 [INFO] - LiraImportLtd - 🌍 Visiting URL: https://liraimportltd.com/product/floral-seduction-eau-de-toilette-100-ml/
2026-03-10 15:09:27,523 [INFO] - LiraImportLtd - 🛒 Product page detected! Extracting data...
2026-03-10 15:09:27,527 [INFO] - LiraImportLtd - 🔍 Found 0 target links on this page.
2026-03-10 15:09:27,530 [INFO] - Lira - [22 New] Saved: Floral Seduction Eau De Toilette 100 Ml
2026-03-10 15:09:27,551 [INFO] - LiraImportLtd - 🌍 Visiting URL: https://liraimportltd.com/product/timeless-eau-de-toilette-100ml/
2026-03-10 15:09:27,551 [INFO] - LiraImportLtd - 🛒 Product page detected! Extracting data...
2026-03-10 15:09:27,556 [INFO] - LiraImportLtd - 🔍 Found 0 target links on this page.
2026-03-10 15:09:27,560 [INFO] - Lira - [23 New] Saved: Timeless Eau De Toilette 100ml
2026-03-10 15:09:27,569 [INFO] - LiraImportLtd - 🌍 Visiting URL: https://liraimportltd.com/product/love-eau-de-toilette-100ml/
2026-03-10 15:09:27,569 [INFO] - LiraImportLtd - 🛒 Product page detected! Extracting data...
2026-03-10 15:09:27,575 [INFO] - LiraImportLtd - 🔍 Found 0 target links on this page.
2026-03-10 15:09:27,578 [INFO] - Lira - [24 New] Saved: Love Eau De Toilette 100ml
2026-03-10 15:09:28,675 [INFO] - LiraImportLtd - 🌍 Visiting URL: https://liraimportltd.com/product/noir-eau-de-toilette-100ml/
2026-03-10 15:09:28,675 [INFO] - LiraImportLtd - 🛒 Product page detected! Extracting data...
2026-03-10 15:09:28,679 [INFO] - LiraImportLtd - 🔍 Found 0 target links on this page.
2026-03-10 15:09:28,681 [INFO] - Lira - [25 New] Saved: Noir Eau De Toilette 100ml
2026-03-10 15:09:28,694 [INFO] - Lira - Scraper finished successfully.
